{"meta": {"format": 3, "version": "7.13.5", "timestamp": "2026-04-22T19:58:14.054953", "branch_coverage": true, "show_contexts": false}, "files": {"cosmic_mycelium/__init__.py": {"executed_lines": [20, 21, 22, 23, 25, 26, 27, 29], "summary": {"covered_lines": 8, "num_statements": 8, "percent_covered": 100.0, "percent_covered_display": "100", "missing_lines": 0, "excluded_lines": 0, "percent_statements_covered": 100.0, "percent_statements_covered_display": "100", "num_branches": 0, "num_partial_branches": 0, "covered_branches": 0, "missing_branches": 0, "percent_branches_covered": 100.0, "percent_branches_covered_display": "100"}, "missing_lines": [], "excluded_lines": [], "executed_branches": [], "missing_branches": [], "functions": {"": {"executed_lines": [20, 21, 22, 23, 25, 26, 27, 29], "summary": {"covered_lines": 8, "num_statements": 8, "percent_covered": 100.0, "percent_covered_display": "100", "missing_lines": 0, "excluded_lines": 0, "percent_statements_covered": 100.0, "percent_statements_covered_display": "100", "num_branches": 0, "num_partial_branches": 0, "covered_branches": 0, "missing_branches": 0, "percent_branches_covered": 100.0, "percent_branches_covered_display": "100"}, "missing_lines": [], "excluded_lines": [], "start_line": 1, "executed_branches": [], "missing_branches": []}}, "classes": {"": {"executed_lines": [20, 21, 22, 23, 25, 26, 27, 29], "summary": {"covered_lines": 8, "num_statements": 8, "percent_covered": 100.0, "percent_covered_display": "100", "missing_lines": 0, "excluded_lines": 0, "percent_statements_covered": 100.0, "percent_statements_covered_display": "100", "num_branches": 0, "num_partial_branches": 0, "covered_branches": 0, "missing_branches": 0, "percent_branches_covered": 100.0, "percent_branches_covered_display": "100"}, "missing_lines": [], "excluded_lines": [], "start_line": 1, "executed_branches": [], "missing_branches": []}}}, "cosmic_mycelium/cluster/collective_intelligence.py": {"executed_lines": [11, 13, 14, 15, 16, 17, 19, 21, 24, 25, 28, 29, 30, 31, 32, 33, 34, 35, 38, 39, 42, 43, 44, 45, 46, 47, 50, 62, 63, 64, 65, 67, 81, 82, 83, 84, 87, 90, 93, 94, 95, 98, 103, 122, 124, 132, 135, 141, 143, 146, 147, 148, 164, 166, 177, 187, 193, 194, 196, 198, 200, 202, 207, 212, 213, 214, 217, 223, 224, 226, 228, 229, 230, 232, 236, 237, 239, 241, 251, 252, 253, 255, 256, 257, 260, 261, 263, 265, 268, 269, 270, 272, 273, 275, 276, 277, 282, 284, 294, 295, 303, 304, 307, 309, 313, 315, 326, 327, 332, 333, 336, 337, 338, 340, 345, 358, 359, 362, 363, 364, 365, 374, 375, 376, 377, 379, 381, 398, 399, 401, 402, 403, 405, 415, 417, 418, 424, 433, 435, 436], "summary": {"covered_lines": 140, "num_statements": 143, "percent_covered": 96.045197740113, "percent_covered_display": "96", "missing_lines": 3, "excluded_lines": 0, "percent_statements_covered": 97.9020979020979, "percent_statements_covered_display": "98", "num_branches": 34, "num_partial_branches": 4, "covered_branches": 30, "missing_branches": 4, "percent_branches_covered": 88.23529411764706, "percent_branches_covered_display": "88"}, "missing_lines": [161, 162, 233], "excluded_lines": [], "executed_branches": [[146, 147], [146, 164], [223, 224], [223, 226], [226, 228], [226, 232], [232, 236], [236, 237], [236, 239], [252, 253], [252, 255], [256, 257], [256, 260], [263, 265], [263, 268], [275, 276], [332, 333], [332, 336], [337, 338], [337, 340], [358, 359], [358, 362], [362, 363], [375, 376], [398, 399], [398, 401], [402, 403], [402, 405], [435, -433], [435, 436]], "missing_branches": [[232, 233], [275, 282], [362, 374], [375, 379]], "functions": {"CollectiveIntelligence.__init__": {"executed_lines": [81, 82, 83, 84, 87, 90, 93, 94, 95, 98], "summary": {"covered_lines": 10, "num_statements": 10, "percent_covered": 100.0, "percent_covered_display": "100", "missing_lines": 0, "excluded_lines": 0, "percent_statements_covered": 100.0, "percent_statements_covered_display": "100", "num_branches": 0, "num_partial_branches": 0, "covered_branches": 0, "missing_branches": 0, "percent_branches_covered": 100.0, "percent_branches_covered_display": "100"}, "missing_lines": [], "excluded_lines": [], "start_line": 67, "executed_branches": [], "missing_branches": []}, "CollectiveIntelligence.propose": {"executed_lines": [122, 124, 132, 135, 141, 143, 146, 147, 148, 164], "summary": {"covered_lines": 10, "num_statements": 12, "percent_covered": 85.71428571428571, "percent_covered_display": "86", "missing_lines": 2, "excluded_lines": 0, "percent_statements_covered": 83.33333333333333, "percent_statements_covered_display": "83", "num_branches": 2, "num_partial_branches": 0, "covered_branches": 2, "missing_branches": 0, "percent_branches_covered": 100.0, "percent_branches_covered_display": "100"}, "missing_lines": [161, 162], "excluded_lines": [], "start_line": 103, "executed_branches": [[146, 147], [146, 164]], "missing_branches": []}, "CollectiveIntelligence.receive_proposal": {"executed_lines": [177, 187, 193, 194], "summary": {"covered_lines": 4, "num_statements": 4, "percent_covered": 100.0, "percent_covered_display": "100", "missing_lines": 0, "excluded_lines": 0, "percent_statements_covered": 100.0, "percent_statements_covered_display": "100", "num_branches": 0, "num_partial_branches": 0, "covered_branches": 0, "missing_branches": 0, "percent_branches_covered": 100.0, "percent_branches_covered_display": "100"}, "missing_lines": [], "excluded_lines": [], "start_line": 166, "executed_branches": [], "missing_branches": []}, "CollectiveIntelligence.vote_for_proposal": {"executed_lines": [198], "summary": {"covered_lines": 1, "num_statements": 1, "percent_covered": 100.0, "percent_covered_display": "100", "missing_lines": 0, "excluded_lines": 0, "percent_statements_covered": 100.0, "percent_statements_covered_display": "100", "num_branches": 0, "num_partial_branches": 0, "covered_branches": 0, "missing_branches": 0, "percent_branches_covered": 100.0, "percent_branches_covered_display": "100"}, "missing_lines": [], "excluded_lines": [], "start_line": 196, "executed_branches": [], "missing_branches": []}, "CollectiveIntelligence.get_proposal_votes": {"executed_lines": [202], "summary": {"covered_lines": 1, "num_statements": 1, "percent_covered": 100.0, "percent_covered_display": "100", "missing_lines": 0, "excluded_lines": 0, "percent_statements_covered": 100.0, "percent_statements_covered_display": "100", "num_branches": 0, "num_partial_branches": 0, "covered_branches": 0, "missing_branches": 0, "percent_branches_covered": 100.0, "percent_branches_covered_display": "100"}, "missing_lines": [], "excluded_lines": [], "start_line": 200, "executed_branches": [], "missing_branches": []}, "CollectiveIntelligence.compute_attention_scores": {"executed_lines": [212, 213, 214, 217, 223, 224, 226, 228, 229, 230, 232, 236, 237, 239], "summary": {"covered_lines": 14, "num_statements": 15, "percent_covered": 91.30434782608695, "percent_covered_display": "91", "missing_lines": 1, "excluded_lines": 0, "percent_statements_covered": 93.33333333333333, "percent_statements_covered_display": "93", "num_branches": 8, "num_partial_branches": 1, "covered_branches": 7, "missing_branches": 1, "percent_branches_covered": 87.5, "percent_branches_covered_display": "88"}, "missing_lines": [233], "excluded_lines": [], "start_line": 207, "executed_branches": [[223, 224], [223, 226], [226, 228], [226, 232], [232, 236], [236, 237], [236, 239]], "missing_branches": [[232, 233]]}, "CollectiveIntelligence.select_winner": {"executed_lines": [251, 252, 253, 255, 256, 257, 260, 261, 263, 265, 268, 269, 270, 272, 273, 275, 276, 277, 282], "summary": {"covered_lines": 19, "num_statements": 19, "percent_covered": 96.29629629629629, "percent_covered_display": "96", "missing_lines": 0, "excluded_lines": 0, "percent_statements_covered": 100.0, "percent_statements_covered_display": "100", "num_branches": 8, "num_partial_branches": 1, "covered_branches": 7, "missing_branches": 1, "percent_branches_covered": 87.5, "percent_branches_covered_display": "88"}, "missing_lines": [], "excluded_lines": [], "start_line": 241, "executed_branches": [[252, 253], [252, 255], [256, 257], [256, 260], [263, 265], [263, 268], [275, 276]], "missing_branches": [[275, 282]]}, "CollectiveIntelligence.broadcast_winner": {"executed_lines": [294, 295, 303, 304, 307, 309, 313], "summary": {"covered_lines": 7, "num_statements": 7, "percent_covered": 100.0, "percent_covered_display": "100", "missing_lines": 0, "excluded_lines": 0, "percent_statements_covered": 100.0, "percent_statements_covered_display": "100", "num_branches": 0, "num_partial_branches": 0, "covered_branches": 0, "missing_branches": 0, "percent_branches_covered": 100.0, "percent_branches_covered_display": "100"}, "missing_lines": [], "excluded_lines": [], "start_line": 284, "executed_branches": [], "missing_branches": []}, "CollectiveIntelligence.step": {"executed_lines": [326, 327, 332, 333, 336, 337, 338, 340], "summary": {"covered_lines": 8, "num_statements": 8, "percent_covered": 100.0, "percent_covered_display": "100", "missing_lines": 0, "excluded_lines": 0, "percent_statements_covered": 100.0, "percent_statements_covered_display": "100", "num_branches": 4, "num_partial_branches": 0, "covered_branches": 4, "missing_branches": 0, "percent_branches_covered": 100.0, "percent_branches_covered_display": "100"}, "missing_lines": [], "excluded_lines": [], "start_line": 315, "executed_branches": [[332, 333], [332, 336], [337, 338], [337, 340]], "missing_branches": []}, "CollectiveIntelligence.integrate_cluster_workspace": {"executed_lines": [358, 359, 362, 363, 364, 365, 374, 375, 376, 377, 379], "summary": {"covered_lines": 11, "num_statements": 11, "percent_covered": 88.23529411764706, "percent_covered_display": "88", "missing_lines": 0, "excluded_lines": 0, "percent_statements_covered": 100.0, "percent_statements_covered_display": "100", "num_branches": 6, "num_partial_branches": 2, "covered_branches": 4, "missing_branches": 2, "percent_branches_covered": 66.66666666666667, "percent_branches_covered_display": "67"}, "missing_lines": [], "excluded_lines": [], "start_line": 345, "executed_branches": [[358, 359], [358, 362], [362, 363], [375, 376]], "missing_branches": [[362, 374], [375, 379]]}, "CollectiveIntelligence.create_proposal_from_superbrain": {"executed_lines": [398, 399, 401, 402, 403, 405], "summary": {"covered_lines": 6, "num_statements": 6, "percent_covered": 100.0, "percent_covered_display": "100", "missing_lines": 0, "excluded_lines": 0, "percent_statements_covered": 100.0, "percent_statements_covered_display": "100", "num_branches": 4, "num_partial_branches": 0, "covered_branches": 4, "missing_branches": 0, "percent_branches_covered": 100.0, "percent_branches_covered_display": "100"}, "missing_lines": [], "excluded_lines": [], "start_line": 381, "executed_branches": [[398, 399], [398, 401], [402, 403], [402, 405]], "missing_branches": []}, "CollectiveIntelligence.get_cluster_status": {"executed_lines": [417, 418, 424], "summary": {"covered_lines": 3, "num_statements": 3, "percent_covered": 100.0, "percent_covered_display": "100", "missing_lines": 0, "excluded_lines": 0, "percent_statements_covered": 100.0, "percent_statements_covered_display": "100", "num_branches": 0, "num_partial_branches": 0, "covered_branches": 0, "missing_branches": 0, "percent_branches_covered": 100.0, "percent_branches_covered_display": "100"}, "missing_lines": [], "excluded_lines": [], "start_line": 415, "executed_branches": [], "missing_branches": []}, "CollectiveIntelligence.clear_history": {"executed_lines": [435, 436], "summary": {"covered_lines": 2, "num_statements": 2, "percent_covered": 100.0, "percent_covered_display": "100", "missing_lines": 0, "excluded_lines": 0, "percent_statements_covered": 100.0, "percent_statements_covered_display": "100", "num_branches": 2, "num_partial_branches": 0, "covered_branches": 2, "missing_branches": 0, "percent_branches_covered": 100.0, "percent_branches_covered_display": "100"}, "missing_lines": [], "excluded_lines": [], "start_line": 433, "executed_branches": [[435, -433], [435, 436]], "missing_branches": []}, "": {"executed_lines": [11, 13, 14, 15, 16, 17, 19, 21, 24, 25, 28, 29, 30, 31, 32, 33, 34, 35, 38, 39, 42, 43, 44, 45, 46, 47, 50, 62, 63, 64, 65, 67, 103, 166, 196, 200, 207, 241, 284, 315, 345, 381, 415, 433], "summary": {"covered_lines": 44, "num_statements": 44, "percent_covered": 100.0, "percent_covered_display": "100", "missing_lines": 0, "excluded_lines": 0, "percent_statements_covered": 100.0, "percent_statements_covered_display": "100", "num_branches": 0, "num_partial_branches": 0, "covered_branches": 0, "missing_branches": 0, "percent_branches_covered": 100.0, "percent_branches_covered_display": "100"}, "missing_lines": [], "excluded_lines": [], "start_line": 1, "executed_branches": [], "missing_branches": []}}, "classes": {"WorkspaceProposal": {"executed_lines": [], "summary": {"covered_lines": 0, "num_statements": 0, "percent_covered": 100.0, "percent_covered_display": "100", "missing_lines": 0, "excluded_lines": 0, "percent_statements_covered": 100.0, "percent_statements_covered_display": "100", "num_branches": 0, "num_partial_branches": 0, "covered_branches": 0, "missing_branches": 0, "percent_branches_covered": 100.0, "percent_branches_covered_display": "100"}, "missing_lines": [], "excluded_lines": [], "start_line": 25, "executed_branches": [], "missing_branches": []}, "ClusterWorkspaceState": {"executed_lines": [], "summary": {"covered_lines": 0, "num_statements": 0, "percent_covered": 100.0, "percent_covered_display": "100", "missing_lines": 0, "excluded_lines": 0, "percent_statements_covered": 100.0, "percent_statements_covered_display": "100", "num_branches": 0, "num_partial_branches": 0, "covered_branches": 0, "missing_branches": 0, "percent_branches_covered": 100.0, "percent_branches_covered_display": "100"}, "missing_lines": [], "excluded_lines": [], "start_line": 39, "executed_branches": [], "missing_branches": []}, "CollectiveIntelligence": {"executed_lines": [81, 82, 83, 84, 87, 90, 93, 94, 95, 98, 122, 124, 132, 135, 141, 143, 146, 147, 148, 164, 177, 187, 193, 194, 198, 202, 212, 213, 214, 217, 223, 224, 226, 228, 229, 230, 232, 236, 237, 239, 251, 252, 253, 255, 256, 257, 260, 261, 263, 265, 268, 269, 270, 272, 273, 275, 276, 277, 282, 294, 295, 303, 304, 307, 309, 313, 326, 327, 332, 333, 336, 337, 338, 340, 358, 359, 362, 363, 364, 365, 374, 375, 376, 377, 379, 398, 399, 401, 402, 403, 405, 417, 418, 424, 435, 436], "summary": {"covered_lines": 96, "num_statements": 99, "percent_covered": 94.73684210526316, "percent_covered_display": "95", "missing_lines": 3, "excluded_lines": 0, "percent_statements_covered": 96.96969696969697, "percent_statements_covered_display": "97", "num_branches": 34, "num_partial_branches": 4, "covered_branches": 30, "missing_branches": 4, "percent_branches_covered": 88.23529411764706, "percent_branches_covered_display": "88"}, "missing_lines": [161, 162, 233], "excluded_lines": [], "start_line": 50, "executed_branches": [[146, 147], [146, 164], [223, 224], [223, 226], [226, 228], [226, 232], [232, 236], [236, 237], [236, 239], [252, 253], [252, 255], [256, 257], [256, 260], [263, 265], [263, 268], [275, 276], [332, 333], [332, 336], [337, 338], [337, 340], [358, 359], [358, 362], [362, 363], [375, 376], [398, 399], [398, 401], [402, 403], [402, 405], [435, -433], [435, 436]], "missing_branches": [[232, 233], [275, 282], [362, 374], [375, 379]]}, "": {"executed_lines": [11, 13, 14, 15, 16, 17, 19, 21, 24, 25, 28, 29, 30, 31, 32, 33, 34, 35, 38, 39, 42, 43, 44, 45, 46, 47, 50, 62, 63, 64, 65, 67, 103, 166, 196, 200, 207, 241, 284, 315, 345, 381, 415, 433], "summary": {"covered_lines": 44, "num_statements": 44, "percent_covered": 100.0, "percent_covered_display": "100", "missing_lines": 0, "excluded_lines": 0, "percent_statements_covered": 100.0, "percent_statements_covered_display": "100", "num_branches": 0, "num_partial_branches": 0, "covered_branches": 0, "missing_branches": 0, "percent_branches_covered": 100.0, "percent_branches_covered_display": "100"}, "missing_lines": [], "excluded_lines": [], "start_line": 1, "executed_branches": [], "missing_branches": []}}}, "cosmic_mycelium/cluster/consensus.py": {"executed_lines": [9, 11, 12, 14, 24, 25, 28, 29, 30, 31, 32, 34, 35, 36, 39, 47, 48, 49, 50, 52, 54, 55, 57, 59, 60, 61, 62, 63, 65, 67, 69, 70, 71, 72, 74, 76, 77, 78, 80, 82, 83, 84, 86, 88, 89, 90, 91, 92, 93, 100, 101, 112, 113, 114, 116, 123, 124, 125, 127, 129, 130, 131, 133, 146, 148, 150, 151, 152, 153, 154, 155, 157, 158, 159, 162, 163, 164, 168], "summary": {"covered_lines": 78, "num_statements": 79, "percent_covered": 96.84210526315789, "percent_covered_display": "97", "missing_lines": 1, "excluded_lines": 2, "percent_statements_covered": 98.73417721518987, "percent_statements_covered_display": "99", "num_branches": 16, "num_partial_branches": 2, "covered_branches": 14, "missing_branches": 2, "percent_branches_covered": 87.5, "percent_branches_covered_display": "88"}, "missing_lines": [68], "excluded_lines": [16, 17], "executed_branches": [[35, 36], [60, 61], [60, 62], [67, 69], [83, -80], [83, 84], [89, 90], [89, 91], [124, 125], [124, 127], [148, 150], [148, 162], [152, 153], [152, 157]], "missing_branches": [[35, -34], [67, 68]], "functions": {"Proposal.__post_init__": {"executed_lines": [35, 36], "summary": {"covered_lines": 2, "num_statements": 2, "percent_covered": 75.0, "percent_covered_display": "75", "missing_lines": 0, "excluded_lines": 0, "percent_statements_covered": 100.0, "percent_statements_covered_display": "100", "num_branches": 2, "num_partial_branches": 1, "covered_branches": 1, "missing_branches": 1, "percent_branches_covered": 50.0, "percent_branches_covered_display": "50"}, "missing_lines": [], "excluded_lines": [], "start_line": 34, "executed_branches": [[35, 36]], "missing_branches": [[35, -34]]}, "ProposalConsensus.__init__": {"executed_lines": [48, 49, 50], "summary": {"covered_lines": 3, "num_statements": 3, "percent_covered": 100.0, "percent_covered_display": "100", "missing_lines": 0, "excluded_lines": 0, "percent_statements_covered": 100.0, "percent_statements_covered_display": "100", "num_branches": 0, "num_partial_branches": 0, "covered_branches": 0, "missing_branches": 0, "percent_branches_covered": 100.0, "percent_branches_covered_display": "100"}, "missing_lines": [], "excluded_lines": [], "start_line": 47, "executed_branches": [], "missing_branches": []}, "ProposalConsensus.propose": {"executed_lines": [54, 55], "summary": {"covered_lines": 2, "num_statements": 2, "percent_covered": 100.0, "percent_covered_display": "100", "missing_lines": 0, "excluded_lines": 0, "percent_statements_covered": 100.0, "percent_statements_covered_display": "100", "num_branches": 0, "num_partial_branches": 0, "covered_branches": 0, "missing_branches": 0, "percent_branches_covered": 100.0, "percent_branches_covered_display": "100"}, "missing_lines": [], "excluded_lines": [], "start_line": 52, "executed_branches": [], "missing_branches": []}, "ProposalConsensus.vote": {"executed_lines": [59, 60, 61, 62, 63], "summary": {"covered_lines": 5, "num_statements": 5, "percent_covered": 100.0, "percent_covered_display": "100", "missing_lines": 0, "excluded_lines": 0, "percent_statements_covered": 100.0, "percent_statements_covered_display": "100", "num_branches": 2, "num_partial_branches": 0, "covered_branches": 2, "missing_branches": 0, "percent_branches_covered": 100.0, "percent_branches_covered_display": "100"}, "missing_lines": [], "excluded_lines": [], "start_line": 57, "executed_branches": [[60, 61], [60, 62]], "missing_branches": []}, "ProposalConsensus._check_consensus": {"executed_lines": [67, 69, 70, 71, 72], "summary": {"covered_lines": 5, "num_statements": 6, "percent_covered": 75.0, "percent_covered_display": "75", "missing_lines": 1, "excluded_lines": 0, "percent_statements_covered": 83.33333333333333, "percent_statements_covered_display": "83", "num_branches": 2, "num_partial_branches": 1, "covered_branches": 1, "missing_branches": 1, "percent_branches_covered": 50.0, "percent_branches_covered_display": "50"}, "missing_lines": [68], "excluded_lines": [], "start_line": 65, "executed_branches": [[67, 69]], "missing_branches": [[67, 68]]}, "ProposalConsensus.is_symbiotic": {"executed_lines": [76, 77, 78], "summary": {"covered_lines": 3, "num_statements": 3, "percent_covered": 100.0, "percent_covered_display": "100", "missing_lines": 0, "excluded_lines": 0, "percent_statements_covered": 100.0, "percent_statements_covered_display": "100", "num_branches": 0, "num_partial_branches": 0, "covered_branches": 0, "missing_branches": 0, "percent_branches_covered": 100.0, "percent_branches_covered_display": "100"}, "missing_lines": [], "excluded_lines": [], "start_line": 74, "executed_branches": [], "missing_branches": []}, "ProposalConsensus.record_symbiosis": {"executed_lines": [82, 83, 84], "summary": {"covered_lines": 3, "num_statements": 3, "percent_covered": 100.0, "percent_covered_display": "100", "missing_lines": 0, "excluded_lines": 0, "percent_statements_covered": 100.0, "percent_statements_covered_display": "100", "num_branches": 2, "num_partial_branches": 0, "covered_branches": 2, "missing_branches": 0, "percent_branches_covered": 100.0, "percent_branches_covered_display": "100"}, "missing_lines": [], "excluded_lines": [], "start_line": 80, "executed_branches": [[83, -80], [83, 84]], "missing_branches": []}, "ProposalConsensus.get_vote_counts": {"executed_lines": [88, 89, 90, 91, 92, 93], "summary": {"covered_lines": 6, "num_statements": 6, "percent_covered": 100.0, "percent_covered_display": "100", "missing_lines": 0, "excluded_lines": 0, "percent_statements_covered": 100.0, "percent_statements_covered_display": "100", "num_branches": 2, "num_partial_branches": 0, "covered_branches": 2, "missing_branches": 0, "percent_branches_covered": 100.0, "percent_branches_covered_display": "100"}, "missing_lines": [], "excluded_lines": [], "start_line": 86, "executed_branches": [[89, 90], [89, 91]], "missing_branches": []}, "ValueAlignment.compute_distance": {"executed_lines": [123, 124, 125, 127, 129, 130, 131], "summary": {"covered_lines": 7, "num_statements": 7, "percent_covered": 100.0, "percent_covered_display": "100", "missing_lines": 0, "excluded_lines": 0, "percent_statements_covered": 100.0, "percent_statements_covered_display": "100", "num_branches": 2, "num_partial_branches": 0, "covered_branches": 2, "missing_branches": 0, "percent_branches_covered": 100.0, "percent_branches_covered_display": "100"}, "missing_lines": [], "excluded_lines": [], "start_line": 116, "executed_branches": [[124, 125], [124, 127]], "missing_branches": []}, "ValueAlignment.align": {"executed_lines": [146, 148, 150, 151, 152, 153, 154, 155, 157, 158, 159, 162, 163, 164], "summary": {"covered_lines": 14, "num_statements": 14, "percent_covered": 100.0, "percent_covered_display": "100", "missing_lines": 0, "excluded_lines": 0, "percent_statements_covered": 100.0, "percent_statements_covered_display": "100", "num_branches": 4, "num_partial_branches": 0, "covered_branches": 4, "missing_branches": 0, "percent_branches_covered": 100.0, "percent_branches_covered_display": "100"}, "missing_lines": [], "excluded_lines": [], "start_line": 133, "executed_branches": [[148, 150], [148, 162], [152, 153], [152, 157]], "missing_branches": []}, "": {"executed_lines": [9, 11, 12, 14, 24, 25, 28, 29, 30, 31, 32, 34, 39, 47, 52, 57, 65, 74, 80, 86, 100, 101, 112, 113, 114, 116, 133, 168], "summary": {"covered_lines": 28, "num_statements": 28, "percent_covered": 100.0, "percent_covered_display": "100", "missing_lines": 0, "excluded_lines": 2, "percent_statements_covered": 100.0, "percent_statements_covered_display": "100", "num_branches": 0, "num_partial_branches": 0, "covered_branches": 0, "missing_branches": 0, "percent_branches_covered": 100.0, "percent_branches_covered_display": "100"}, "missing_lines": [], "excluded_lines": [16, 17], "start_line": 1, "executed_branches": [], "missing_branches": []}}, "classes": {"Proposal": {"executed_lines": [35, 36], "summary": {"covered_lines": 2, "num_statements": 2, "percent_covered": 75.0, "percent_covered_display": "75", "missing_lines": 0, "excluded_lines": 0, "percent_statements_covered": 100.0, "percent_statements_covered_display": "100", "num_branches": 2, "num_partial_branches": 1, "covered_branches": 1, "missing_branches": 1, "percent_branches_covered": 50.0, "percent_branches_covered_display": "50"}, "missing_lines": [], "excluded_lines": [], "start_line": 25, "executed_branches": [[35, 36]], "missing_branches": [[35, -34]]}, "ProposalConsensus": {"executed_lines": [48, 49, 50, 54, 55, 59, 60, 61, 62, 63, 67, 69, 70, 71, 72, 76, 77, 78, 82, 83, 84, 88, 89, 90, 91, 92, 93], "summary": {"covered_lines": 27, "num_statements": 28, "percent_covered": 94.44444444444444, "percent_covered_display": "94", "missing_lines": 1, "excluded_lines": 0, "percent_statements_covered": 96.42857142857143, "percent_statements_covered_display": "96", "num_branches": 8, "num_partial_branches": 1, "covered_branches": 7, "missing_branches": 1, "percent_branches_covered": 87.5, "percent_branches_covered_display": "88"}, "missing_lines": [68], "excluded_lines": [], "start_line": 39, "executed_branches": [[60, 61], [60, 62], [67, 69], [83, -80], [83, 84], [89, 90], [89, 91]], "missing_branches": [[67, 68]]}, "ValueAlignment": {"executed_lines": [123, 124, 125, 127, 129, 130, 131, 146, 148, 150, 151, 152, 153, 154, 155, 157, 158, 159, 162, 163, 164], "summary": {"covered_lines": 21, "num_statements": 21, "percent_covered": 100.0, "percent_covered_display": "100", "missing_lines": 0, "excluded_lines": 0, "percent_statements_covered": 100.0, "percent_statements_covered_display": "100", "num_branches": 6, "num_partial_branches": 0, "covered_branches": 6, "missing_branches": 0, "percent_branches_covered": 100.0, "percent_branches_covered_display": "100"}, "missing_lines": [], "excluded_lines": [], "start_line": 101, "executed_branches": [[124, 125], [124, 127], [148, 150], [148, 162], [152, 153], [152, 157]], "missing_branches": []}, "": {"executed_lines": [9, 11, 12, 14, 24, 25, 28, 29, 30, 31, 32, 34, 39, 47, 52, 57, 65, 74, 80, 86, 100, 101, 112, 113, 114, 116, 133, 168], "summary": {"covered_lines": 28, "num_statements": 28, "percent_covered": 100.0, "percent_covered_display": "100", "missing_lines": 0, "excluded_lines": 2, "percent_statements_covered": 100.0, "percent_statements_covered_display": "100", "num_branches": 0, "num_partial_branches": 0, "covered_branches": 0, "missing_branches": 0, "percent_branches_covered": 100.0, "percent_branches_covered_display": "100"}, "missing_lines": [], "excluded_lines": [16, 17], "start_line": 1, "executed_branches": [], "missing_branches": []}}}, "cosmic_mycelium/cluster/flow_router.py": {"executed_lines": [7, 9, 10, 11, 12, 14, 17, 18, 21, 22, 23, 24, 25, 28, 29, 32, 33, 34, 35, 36, 37, 40, 41, 44, 45, 46, 47, 48, 49, 50, 53, 67, 68, 69, 70, 71, 73, 75, 78, 81, 84, 85, 88, 91, 98, 103, 115, 118, 119, 126, 127, 128, 131, 132, 133, 135, 136, 137, 139, 143, 146, 147, 148, 152, 154, 155, 156, 157, 158, 160, 162, 164, 166, 171, 189, 194, 195, 196, 199, 200, 202, 203, 211, 212, 215, 216, 217, 218, 220, 221, 223, 225, 227, 228, 230, 231, 232, 233, 234, 235, 236, 237, 240, 243, 244, 245, 246, 247, 249, 258, 259, 260, 263, 265, 267, 268, 269, 274, 289, 290, 291, 294, 295, 297, 299, 300, 301, 302, 303, 304, 305, 306, 307, 308, 310, 313, 314, 315, 316, 317, 318, 321, 323, 324, 325, 327, 329, 331, 332, 333, 344, 346, 347, 348, 354, 371, 372, 374, 375, 378, 379, 381, 382, 383, 385, 386, 388, 389, 392, 393, 394, 395, 396, 400, 401, 404, 406, 408, 409, 413, 414, 415, 416, 421, 423, 425, 426, 427, 428, 433, 438, 441, 443, 444, 445, 446, 449, 452, 453, 454, 455, 456, 457, 459, 460, 461, 463, 471, 482, 484, 485, 492, 502, 504, 505, 509, 510], "summary": {"covered_lines": 217, "num_statements": 243, "percent_covered": 83.008356545961, "percent_covered_display": "83", "missing_lines": 26, "excluded_lines": 0, "percent_statements_covered": 89.30041152263375, "percent_statements_covered_display": "89", "num_branches": 116, "num_partial_branches": 17, "covered_branches": 81, "missing_branches": 35, "percent_branches_covered": 69.82758620689656, "percent_branches_covered_display": "70"}, "missing_lines": [224, 241, 296, 319, 335, 336, 337, 338, 339, 340, 341, 342, 349, 465, 466, 467, 468, 469, 473, 474, 475, 476, 477, 506, 507, 508], "excluded_lines": [], "executed_branches": [[118, 119], [118, 126], [131, 132], [131, 133], [135, 136], [135, 137], [146, 147], [148, 152], [154, 155], [156, 157], [189, 194], [189, 199], [195, 196], [199, 200], [199, 202], [202, 203], [202, 215], [220, 221], [223, 225], [227, 228], [227, 230], [230, 220], [230, 231], [231, 232], [231, 233], [234, 230], [234, 235], [240, 243], [245, 246], [245, 249], [267, 268], [267, 269], [294, 295], [294, 313], [295, 297], [297, 299], [297, 307], [301, 302], [301, 306], [303, 301], [303, 304], [307, 308], [307, 310], [313, 314], [313, 315], [315, 316], [315, 317], [317, 318], [324, 325], [324, 327], [332, 333], [347, 348], [371, 372], [371, 374], [378, 379], [378, 381], [382, 383], [382, 385], [385, 386], [385, 388], [393, 394], [393, 400], [394, 393], [394, 395], [409, 413], [409, 416], [413, 414], [425, -421], [425, 426], [427, 425], [427, 428], [441, 443], [443, 444], [443, 446], [444, 445], [453, 454], [453, 459], [454, 453], [454, 455], [455, 456], [505, 509]], "missing_branches": [[146, 148], [148, 154], [154, 156], [156, 158], [195, 199], [220, 240], [223, 224], [240, 241], [295, 296], [317, 319], [332, 335], [337, 338], [337, 342], [339, 337], [339, 340], [347, 349], [413, 409], [441, 449], [444, 443], [455, 454], [465, 466], [465, 469], [466, 465], [466, 467], [467, 466], [467, 468], [473, 474], [473, 477], [475, 476], [475, 477], [505, 506], [506, 505], [506, 507], [507, 506], [507, 508]], "functions": {"FlowRouter.__init__": {"executed_lines": [75, 78, 81, 84, 85, 88, 91, 98], "summary": {"covered_lines": 8, "num_statements": 8, "percent_covered": 100.0, "percent_covered_display": "100", "missing_lines": 0, "excluded_lines": 0, "percent_statements_covered": 100.0, "percent_statements_covered_display": "100", "num_branches": 0, "num_partial_branches": 0, "covered_branches": 0, "missing_branches": 0, "percent_branches_covered": 100.0, "percent_branches_covered_display": "100"}, "missing_lines": [], "excluded_lines": [], "start_line": 73, "executed_branches": [], "missing_branches": []}, "FlowRouter.add_neighbor": {"executed_lines": [115, 118, 119, 126, 127, 128, 131, 132, 133, 135, 136, 137, 139], "summary": {"covered_lines": 13, "num_statements": 13, "percent_covered": 100.0, "percent_covered_display": "100", "missing_lines": 0, "excluded_lines": 0, "percent_statements_covered": 100.0, "percent_statements_covered_display": "100", "num_branches": 6, "num_partial_branches": 0, "covered_branches": 6, "missing_branches": 0, "percent_branches_covered": 100.0, "percent_branches_covered_display": "100"}, "missing_lines": [], "excluded_lines": [], "start_line": 103, "executed_branches": [[118, 119], [118, 126], [131, 132], [131, 133], [135, 136], [135, 137]], "missing_branches": []}, "FlowRouter.remove_neighbor": {"executed_lines": [146, 147, 148, 152, 154, 155, 156, 157, 158], "summary": {"covered_lines": 9, "num_statements": 9, "percent_covered": 76.47058823529412, "percent_covered_display": "76", "missing_lines": 0, "excluded_lines": 0, "percent_statements_covered": 100.0, "percent_statements_covered_display": "100", "num_branches": 8, "num_partial_branches": 4, "covered_branches": 4, "missing_branches": 4, "percent_branches_covered": 50.0, "percent_branches_covered_display": "50"}, "missing_lines": [], "excluded_lines": [], "start_line": 143, "executed_branches": [[146, 147], [148, 152], [154, 155], [156, 157]], "missing_branches": [[146, 148], [148, 154], [154, 156], [156, 158]]}, "FlowRouter.get_neighbors": {"executed_lines": [162], "summary": {"covered_lines": 1, "num_statements": 1, "percent_covered": 100.0, "percent_covered_display": "100", "missing_lines": 0, "excluded_lines": 0, "percent_statements_covered": 100.0, "percent_statements_covered_display": "100", "num_branches": 0, "num_partial_branches": 0, "covered_branches": 0, "missing_branches": 0, "percent_branches_covered": 100.0, "percent_branches_covered_display": "100"}, "missing_lines": [], "excluded_lines": [], "start_line": 160, "executed_branches": [], "missing_branches": []}, "FlowRouter.is_in_topology": {"executed_lines": [166], "summary": {"covered_lines": 1, "num_statements": 1, "percent_covered": 100.0, "percent_covered_display": "100", "missing_lines": 0, "excluded_lines": 0, "percent_statements_covered": 100.0, "percent_statements_covered_display": "100", "num_branches": 0, "num_partial_branches": 0, "covered_branches": 0, "missing_branches": 0, "percent_branches_covered": 100.0, "percent_branches_covered_display": "100"}, "missing_lines": [], "excluded_lines": [], "start_line": 164, "executed_branches": [], "missing_branches": []}, "FlowRouter.compute_route": {"executed_lines": [189, 194, 195, 196, 199, 200, 202, 203, 211, 212, 215, 216, 217, 218, 220, 221, 223, 225, 227, 228, 230, 231, 232, 233, 234, 235, 236, 237, 240, 243, 244, 245, 246, 247, 249, 258, 259, 260, 263], "summary": {"covered_lines": 39, "num_statements": 41, "percent_covered": 90.76923076923077, "percent_covered_display": "91", "missing_lines": 2, "excluded_lines": 0, "percent_statements_covered": 95.1219512195122, "percent_statements_covered_display": "95", "num_branches": 24, "num_partial_branches": 4, "covered_branches": 20, "missing_branches": 4, "percent_branches_covered": 83.33333333333333, "percent_branches_covered_display": "83"}, "missing_lines": [224, 241], "excluded_lines": [], "start_line": 171, "executed_branches": [[189, 194], [189, 199], [195, 196], [199, 200], [199, 202], [202, 203], [202, 215], [220, 221], [223, 225], [227, 228], [227, 230], [230, 220], [230, 231], [231, 232], [231, 233], [234, 230], [234, 235], [240, 243], [245, 246], [245, 249]], "missing_branches": [[195, 199], [220, 240], [223, 224], [240, 241]]}, "FlowRouter._cache_route": {"executed_lines": [267, 268, 269], "summary": {"covered_lines": 3, "num_statements": 3, "percent_covered": 100.0, "percent_covered_display": "100", "missing_lines": 0, "excluded_lines": 0, "percent_statements_covered": 100.0, "percent_statements_covered_display": "100", "num_branches": 2, "num_partial_branches": 0, "covered_branches": 2, "missing_branches": 0, "percent_branches_covered": 100.0, "percent_branches_covered_display": "100"}, "missing_lines": [], "excluded_lines": [], "start_line": 265, "executed_branches": [[267, 268], [267, 269]], "missing_branches": []}, "FlowRouter.route": {"executed_lines": [289, 290, 291, 294, 295, 297, 299, 300, 301, 302, 303, 304, 305, 306, 307, 308, 310, 313, 314, 315, 316, 317, 318], "summary": {"covered_lines": 23, "num_statements": 25, "percent_covered": 90.69767441860465, "percent_covered_display": "91", "missing_lines": 2, "excluded_lines": 0, "percent_statements_covered": 92.0, "percent_statements_covered_display": "92", "num_branches": 18, "num_partial_branches": 2, "covered_branches": 16, "missing_branches": 2, "percent_branches_covered": 88.88888888888889, "percent_branches_covered_display": "89"}, "missing_lines": [296, 319], "excluded_lines": [], "start_line": 274, "executed_branches": [[294, 295], [294, 313], [295, 297], [297, 299], [297, 307], [301, 302], [301, 306], [303, 301], [303, 304], [307, 308], [307, 310], [313, 314], [313, 315], [315, 316], [315, 317], [317, 318]], "missing_branches": [[295, 296], [317, 319]]}, "FlowRouter._route_physical": {"executed_lines": [323, 324, 325, 327], "summary": {"covered_lines": 4, "num_statements": 4, "percent_covered": 100.0, "percent_covered_display": "100", "missing_lines": 0, "excluded_lines": 0, "percent_statements_covered": 100.0, "percent_statements_covered_display": "100", "num_branches": 2, "num_partial_branches": 0, "covered_branches": 2, "missing_branches": 0, "percent_branches_covered": 100.0, "percent_branches_covered_display": "100"}, "missing_lines": [], "excluded_lines": [], "start_line": 321, "executed_branches": [[324, 325], [324, 327]], "missing_branches": []}, "FlowRouter._route_info": {"executed_lines": [331, 332, 333], "summary": {"covered_lines": 3, "num_statements": 11, "percent_covered": 23.529411764705884, "percent_covered_display": "24", "missing_lines": 8, "excluded_lines": 0, "percent_statements_covered": 27.272727272727273, "percent_statements_covered_display": "27", "num_branches": 6, "num_partial_branches": 1, "covered_branches": 1, "missing_branches": 5, "percent_branches_covered": 16.666666666666668, "percent_branches_covered_display": "17"}, "missing_lines": [335, 336, 337, 338, 339, 340, 341, 342], "excluded_lines": [], "start_line": 329, "executed_branches": [[332, 333]], "missing_branches": [[332, 335], [337, 338], [337, 342], [339, 337], [339, 340]]}, "FlowRouter._route_value": {"executed_lines": [346, 347, 348], "summary": {"covered_lines": 3, "num_statements": 4, "percent_covered": 66.66666666666667, "percent_covered_display": "67", "missing_lines": 1, "excluded_lines": 0, "percent_statements_covered": 75.0, "percent_statements_covered_display": "75", "num_branches": 2, "num_partial_branches": 1, "covered_branches": 1, "missing_branches": 1, "percent_branches_covered": 50.0, "percent_branches_covered_display": "50"}, "missing_lines": [349], "excluded_lines": [], "start_line": 344, "executed_branches": [[347, 348]], "missing_branches": [[347, 349]]}, "FlowRouter.broadcast": {"executed_lines": [371, 372, 374, 375, 378, 379, 381, 382, 383, 385, 386, 388, 389, 392, 393, 394, 395, 396, 400, 401, 404], "summary": {"covered_lines": 21, "num_statements": 21, "percent_covered": 100.0, "percent_covered_display": "100", "missing_lines": 0, "excluded_lines": 0, "percent_statements_covered": 100.0, "percent_statements_covered_display": "100", "num_branches": 12, "num_partial_branches": 0, "covered_branches": 12, "missing_branches": 0, "percent_branches_covered": 100.0, "percent_branches_covered_display": "100"}, "missing_lines": [], "excluded_lines": [], "start_line": 354, "executed_branches": [[371, 372], [371, 374], [378, 379], [378, 381], [382, 383], [382, 385], [385, 386], [385, 388], [393, 394], [393, 400], [394, 393], [394, 395]], "missing_branches": []}, "FlowRouter.clear_broadcast_seen": {"executed_lines": [408, 409, 413, 414, 415, 416], "summary": {"covered_lines": 6, "num_statements": 6, "percent_covered": 90.0, "percent_covered_display": "90", "missing_lines": 0, "excluded_lines": 0, "percent_statements_covered": 100.0, "percent_statements_covered_display": "100", "num_branches": 4, "num_partial_branches": 1, "covered_branches": 3, "missing_branches": 1, "percent_branches_covered": 75.0, "percent_branches_covered_display": "75"}, "missing_lines": [], "excluded_lines": [], "start_line": 406, "executed_branches": [[409, 413], [409, 416], [413, 414]], "missing_branches": [[413, 409]]}, "FlowRouter.update_pheromone": {"executed_lines": [423, 425, 426, 427, 428], "summary": {"covered_lines": 5, "num_statements": 5, "percent_covered": 100.0, "percent_covered_display": "100", "missing_lines": 0, "excluded_lines": 0, "percent_statements_covered": 100.0, "percent_statements_covered_display": "100", "num_branches": 4, "num_partial_branches": 0, "covered_branches": 4, "missing_branches": 0, "percent_branches_covered": 100.0, "percent_branches_covered_display": "100"}, "missing_lines": [], "excluded_lines": [], "start_line": 421, "executed_branches": [[425, -421], [425, 426], [427, 425], [427, 428]], "missing_branches": []}, "FlowRouter.mark_node_failed": {"executed_lines": [438, 441, 443, 444, 445, 446, 449, 452, 453, 454, 455, 456, 457, 459, 460, 461], "summary": {"covered_lines": 16, "num_statements": 16, "percent_covered": 89.28571428571429, "percent_covered_display": "89", "missing_lines": 0, "excluded_lines": 0, "percent_statements_covered": 100.0, "percent_statements_covered_display": "100", "num_branches": 12, "num_partial_branches": 3, "covered_branches": 9, "missing_branches": 3, "percent_branches_covered": 75.0, "percent_branches_covered_display": "75"}, "missing_lines": [], "excluded_lines": [], "start_line": 433, "executed_branches": [[441, 443], [443, 444], [443, 446], [444, 445], [453, 454], [453, 459], [454, 453], [454, 455], [455, 456]], "missing_branches": [[441, 449], [444, 443], [455, 454]]}, "FlowRouter.refresh_routes": {"executed_lines": [], "summary": {"covered_lines": 0, "num_statements": 5, "percent_covered": 0.0, "percent_covered_display": "0", "missing_lines": 5, "excluded_lines": 0, "percent_statements_covered": 0.0, "percent_statements_covered_display": "0", "num_branches": 6, "num_partial_branches": 0, "covered_branches": 0, "missing_branches": 6, "percent_branches_covered": 0.0, "percent_branches_covered_display": "0"}, "missing_lines": [465, 466, 467, 468, 469], "excluded_lines": [], "start_line": 463, "executed_branches": [], "missing_branches": [[465, 466], [465, 469], [466, 465], [466, 467], [467, 466], [467, 468]]}, "FlowRouter.get_route_to": {"executed_lines": [], "summary": {"covered_lines": 0, "num_statements": 5, "percent_covered": 0.0, "percent_covered_display": "0", "missing_lines": 5, "excluded_lines": 0, "percent_statements_covered": 0.0, "percent_statements_covered_display": "0", "num_branches": 4, "num_partial_branches": 0, "covered_branches": 0, "missing_branches": 4, "percent_branches_covered": 0.0, "percent_branches_covered_display": "0"}, "missing_lines": [473, 474, 475, 476, 477], "excluded_lines": [], "start_line": 471, "executed_branches": [], "missing_branches": [[473, 474], [473, 477], [475, 476], [475, 477]]}, "FlowRouter.get_router_status": {"executed_lines": [484, 485, 492], "summary": {"covered_lines": 3, "num_statements": 3, "percent_covered": 100.0, "percent_covered_display": "100", "missing_lines": 0, "excluded_lines": 0, "percent_statements_covered": 100.0, "percent_statements_covered_display": "100", "num_branches": 0, "num_partial_branches": 0, "covered_branches": 0, "missing_branches": 0, "percent_branches_covered": 100.0, "percent_branches_covered_display": "100"}, "missing_lines": [], "excluded_lines": [], "start_line": 482, "executed_branches": [], "missing_branches": []}, "FlowRouter._get_top_nexthops": {"executed_lines": [504, 505, 509, 510], "summary": {"covered_lines": 4, "num_statements": 7, "percent_covered": 38.46153846153846, "percent_covered_display": "38", "missing_lines": 3, "excluded_lines": 0, "percent_statements_covered": 57.142857142857146, "percent_statements_covered_display": "57", "num_branches": 6, "num_partial_branches": 1, "covered_branches": 1, "missing_branches": 5, "percent_branches_covered": 16.666666666666668, "percent_branches_covered_display": "17"}, "missing_lines": [506, 507, 508], "excluded_lines": [], "start_line": 502, "executed_branches": [[505, 509]], "missing_branches": [[505, 506], [506, 505], [506, 507], [507, 506], [507, 508]]}, "": {"executed_lines": [7, 9, 10, 11, 12, 14, 17, 18, 21, 22, 23, 24, 25, 28, 29, 32, 33, 34, 35, 36, 37, 40, 41, 44, 45, 46, 47, 48, 49, 50, 53, 67, 68, 69, 70, 71, 73, 103, 143, 160, 164, 171, 265, 274, 321, 329, 344, 354, 406, 421, 433, 463, 471, 482, 502], "summary": {"covered_lines": 55, "num_statements": 55, "percent_covered": 100.0, "percent_covered_display": "100", "missing_lines": 0, "excluded_lines": 0, "percent_statements_covered": 100.0, "percent_statements_covered_display": "100", "num_branches": 0, "num_partial_branches": 0, "covered_branches": 0, "missing_branches": 0, "percent_branches_covered": 100.0, "percent_branches_covered_display": "100"}, "missing_lines": [], "excluded_lines": [], "start_line": 1, "executed_branches": [], "missing_branches": []}}, "classes": {"RouteMetrics": {"executed_lines": [], "summary": {"covered_lines": 0, "num_statements": 0, "percent_covered": 100.0, "percent_covered_display": "100", "missing_lines": 0, "excluded_lines": 0, "percent_statements_covered": 100.0, "percent_statements_covered_display": "100", "num_branches": 0, "num_partial_branches": 0, "covered_branches": 0, "missing_branches": 0, "percent_branches_covered": 100.0, "percent_branches_covered_display": "100"}, "missing_lines": [], "excluded_lines": [], "start_line": 18, "executed_branches": [], "missing_branches": []}, "NeighborEntry": {"executed_lines": [], "summary": {"covered_lines": 0, "num_statements": 0, "percent_covered": 100.0, "percent_covered_display": "100", "missing_lines": 0, "excluded_lines": 0, "percent_statements_covered": 100.0, "percent_statements_covered_display": "100", "num_branches": 0, "num_partial_branches": 0, "covered_branches": 0, "missing_branches": 0, "percent_branches_covered": 100.0, "percent_branches_covered_display": "100"}, "missing_lines": [], "excluded_lines": [], "start_line": 29, "executed_branches": [], "missing_branches": []}, "RouteEntry": {"executed_lines": [], "summary": {"covered_lines": 0, "num_statements": 0, "percent_covered": 100.0, "percent_covered_display": "100", "missing_lines": 0, "excluded_lines": 0, "percent_statements_covered": 100.0, "percent_statements_covered_display": "100", "num_branches": 0, "num_partial_branches": 0, "covered_branches": 0, "missing_branches": 0, "percent_branches_covered": 100.0, "percent_branches_covered_display": "100"}, "missing_lines": [], "excluded_lines": [], "start_line": 41, "executed_branches": [], "missing_branches": []}, "FlowRouter": {"executed_lines": [75, 78, 81, 84, 85, 88, 91, 98, 115, 118, 119, 126, 127, 128, 131, 132, 133, 135, 136, 137, 139, 146, 147, 148, 152, 154, 155, 156, 157, 158, 162, 166, 189, 194, 195, 196, 199, 200, 202, 203, 211, 212, 215, 216, 217, 218, 220, 221, 223, 225, 227, 228, 230, 231, 232, 233, 234, 235, 236, 237, 240, 243, 244, 245, 246, 247, 249, 258, 259, 260, 263, 267, 268, 269, 289, 290, 291, 294, 295, 297, 299, 300, 301, 302, 303, 304, 305, 306, 307, 308, 310, 313, 314, 315, 316, 317, 318, 323, 324, 325, 327, 331, 332, 333, 346, 347, 348, 371, 372, 374, 375, 378, 379, 381, 382, 383, 385, 386, 388, 389, 392, 393, 394, 395, 396, 400, 401, 404, 408, 409, 413, 414, 415, 416, 423, 425, 426, 427, 428, 438, 441, 443, 444, 445, 446, 449, 452, 453, 454, 455, 456, 457, 459, 460, 461, 484, 485, 492, 504, 505, 509, 510], "summary": {"covered_lines": 162, "num_statements": 188, "percent_covered": 79.9342105263158, "percent_covered_display": "80", "missing_lines": 26, "excluded_lines": 0, "percent_statements_covered": 86.17021276595744, "percent_statements_covered_display": "86", "num_branches": 116, "num_partial_branches": 17, "covered_branches": 81, "missing_branches": 35, "percent_branches_covered": 69.82758620689656, "percent_branches_covered_display": "70"}, "missing_lines": [224, 241, 296, 319, 335, 336, 337, 338, 339, 340, 341, 342, 349, 465, 466, 467, 468, 469, 473, 474, 475, 476, 477, 506, 507, 508], "excluded_lines": [], "start_line": 53, "executed_branches": [[118, 119], [118, 126], [131, 132], [131, 133], [135, 136], [135, 137], [146, 147], [148, 152], [154, 155], [156, 157], [189, 194], [189, 199], [195, 196], [199, 200], [199, 202], [202, 203], [202, 215], [220, 221], [223, 225], [227, 228], [227, 230], [230, 220], [230, 231], [231, 232], [231, 233], [234, 230], [234, 235], [240, 243], [245, 246], [245, 249], [267, 268], [267, 269], [294, 295], [294, 313], [295, 297], [297, 299], [297, 307], [301, 302], [301, 306], [303, 301], [303, 304], [307, 308], [307, 310], [313, 314], [313, 315], [315, 316], [315, 317], [317, 318], [324, 325], [324, 327], [332, 333], [347, 348], [371, 372], [371, 374], [378, 379], [378, 381], [382, 383], [382, 385], [385, 386], [385, 388], [393, 394], [393, 400], [394, 393], [394, 395], [409, 413], [409, 416], [413, 414], [425, -421], [425, 426], [427, 425], [427, 428], [441, 443], [443, 444], [443, 446], [444, 445], [453, 454], [453, 459], [454, 453], [454, 455], [455, 456], [505, 509]], "missing_branches": [[146, 148], [148, 154], [154, 156], [156, 158], [195, 199], [220, 240], [223, 224], [240, 241], [295, 296], [317, 319], [332, 335], [337, 338], [337, 342], [339, 337], [339, 340], [347, 349], [413, 409], [441, 449], [444, 443], [455, 454], [465, 466], [465, 469], [466, 465], [466, 467], [467, 466], [467, 468], [473, 474], [473, 477], [475, 476], [475, 477], [505, 506], [506, 505], [506, 507], [507, 506], [507, 508]]}, "": {"executed_lines": [7, 9, 10, 11, 12, 14, 17, 18, 21, 22, 23, 24, 25, 28, 29, 32, 33, 34, 35, 36, 37, 40, 41, 44, 45, 46, 47, 48, 49, 50, 53, 67, 68, 69, 70, 71, 73, 103, 143, 160, 164, 171, 265, 274, 321, 329, 344, 354, 406, 421, 433, 463, 471, 482, 502], "summary": {"covered_lines": 55, "num_statements": 55, "percent_covered": 100.0, "percent_covered_display": "100", "missing_lines": 0, "excluded_lines": 0, "percent_statements_covered": 100.0, "percent_statements_covered_display": "100", "num_branches": 0, "num_partial_branches": 0, "covered_branches": 0, "missing_branches": 0, "percent_branches_covered": 100.0, "percent_branches_covered_display": "100"}, "missing_lines": [], "excluded_lines": [], "start_line": 1, "executed_branches": [], "missing_branches": []}}}, "cosmic_mycelium/cluster/network.py": {"executed_lines": [7, 9, 10, 11, 12, 14, 16, 17, 27, 28, 31, 32, 33, 34, 35, 36, 39, 50, 51, 52, 53, 54, 55, 56, 61, 66, 67, 68, 69, 75, 77, 78, 79, 81, 87, 89, 91, 93, 98, 103, 104, 105, 106, 107, 108, 109, 111, 112, 115, 117, 118, 120, 121, 122, 123, 126, 128, 129, 132, 134, 136, 137, 138, 140, 142, 148, 149, 154, 165, 166, 169, 170, 171, 176, 185, 186, 187, 191, 192, 193, 194, 197, 198, 199, 200, 203, 207, 209, 211, 220, 222, 223, 224, 225, 226, 227, 228, 235, 240, 242, 243, 244, 245, 257, 264, 265, 267, 268, 269, 271, 272, 273, 275, 276, 277, 279, 281, 283, 285, 288, 289, 290, 291, 292, 293, 294, 295, 296, 297, 299, 300, 301, 302, 305, 307, 309, 310, 311], "summary": {"covered_lines": 138, "num_statements": 145, "percent_covered": 90.14778325123153, "percent_covered_display": "90", "missing_lines": 7, "excluded_lines": 2, "percent_statements_covered": 95.17241379310344, "percent_statements_covered_display": "95", "num_branches": 58, "num_partial_branches": 11, "covered_branches": 45, "missing_branches": 13, "percent_branches_covered": 77.58620689655173, "percent_branches_covered_display": "78"}, "missing_lines": [83, 84, 167, 188, 266, 270, 303], "excluded_lines": [23, 24], "executed_branches": [[67, 68], [77, 78], [105, 106], [105, 120], [106, 107], [106, 117], [107, 106], [107, 108], [109, 111], [117, 118], [121, 122], [121, 132], [128, 129], [136, -134], [136, 137], [166, 169], [169, 170], [169, 171], [187, 191], [193, 194], [193, 197], [224, 225], [224, 235], [225, 224], [225, 226], [227, 225], [227, 228], [264, 265], [264, 281], [265, 267], [268, 269], [268, 275], [269, 271], [272, 268], [272, 273], [275, 276], [275, 279], [289, -285], [289, 290], [290, 289], [290, 291], [296, 297], [296, 299], [302, 305], [309, 310]], "missing_branches": [[67, 69], [77, 79], [83, -81], [83, 84], [109, 106], [117, -98], [128, -98], [166, 167], [187, 188], [265, 266], [269, 270], [302, 303], [309, 290]], "functions": {"MyceliumNetwork.__init__": {"executed_lines": [51, 52, 53, 54, 55, 56], "summary": {"covered_lines": 6, "num_statements": 6, "percent_covered": 100.0, "percent_covered_display": "100", "missing_lines": 0, "excluded_lines": 0, "percent_statements_covered": 100.0, "percent_statements_covered_display": "100", "num_branches": 0, "num_partial_branches": 0, "covered_branches": 0, "missing_branches": 0, "percent_branches_covered": 100.0, "percent_branches_covered_display": "100"}, "missing_lines": [], "excluded_lines": [], "start_line": 50, "executed_branches": [], "missing_branches": []}, "MyceliumNetwork.join": {"executed_lines": [66, 67, 68, 69, 75, 77, 78, 79], "summary": {"covered_lines": 8, "num_statements": 8, "percent_covered": 83.33333333333333, "percent_covered_display": "83", "missing_lines": 0, "excluded_lines": 0, "percent_statements_covered": 100.0, "percent_statements_covered_display": "100", "num_branches": 4, "num_partial_branches": 2, "covered_branches": 2, "missing_branches": 2, "percent_branches_covered": 50.0, "percent_branches_covered_display": "50"}, "missing_lines": [], "excluded_lines": [], "start_line": 61, "executed_branches": [[67, 68], [77, 78]], "missing_branches": [[67, 69], [77, 79]]}, "MyceliumNetwork.leave": {"executed_lines": [], "summary": {"covered_lines": 0, "num_statements": 2, "percent_covered": 0.0, "percent_covered_display": "0", "missing_lines": 2, "excluded_lines": 0, "percent_statements_covered": 0.0, "percent_statements_covered_display": "0", "num_branches": 2, "num_partial_branches": 0, "covered_branches": 0, "missing_branches": 2, "percent_branches_covered": 0.0, "percent_branches_covered_display": "0"}, "missing_lines": [83, 84], "excluded_lines": [], "start_line": 81, "executed_branches": [], "missing_branches": [[83, -81], [83, 84]]}, "MyceliumNetwork.get_node_ids": {"executed_lines": [89], "summary": {"covered_lines": 1, "num_statements": 1, "percent_covered": 100.0, "percent_covered_display": "100", "missing_lines": 0, "excluded_lines": 0, "percent_statements_covered": 100.0, "percent_statements_covered_display": "100", "num_branches": 0, "num_partial_branches": 0, "covered_branches": 0, "missing_branches": 0, "percent_branches_covered": 100.0, "percent_branches_covered_display": "100"}, "missing_lines": [], "excluded_lines": [], "start_line": 87, "executed_branches": [], "missing_branches": []}, "MyceliumNetwork.get_alive_nodes": {"executed_lines": [93], "summary": {"covered_lines": 1, "num_statements": 1, "percent_covered": 100.0, "percent_covered_display": "100", "missing_lines": 0, "excluded_lines": 0, "percent_statements_covered": 100.0, "percent_statements_covered_display": "100", "num_branches": 0, "num_partial_branches": 0, "covered_branches": 0, "missing_branches": 0, "percent_branches_covered": 100.0, "percent_branches_covered_display": "100"}, "missing_lines": [], "excluded_lines": [], "start_line": 91, "executed_branches": [], "missing_branches": []}, "MyceliumNetwork.send": {"executed_lines": [103, 104, 105, 106, 107, 108, 109, 111, 112, 115, 117, 118, 120, 121, 122, 123, 126, 128, 129, 132], "summary": {"covered_lines": 20, "num_statements": 20, "percent_covered": 91.17647058823529, "percent_covered_display": "91", "missing_lines": 0, "excluded_lines": 0, "percent_statements_covered": 100.0, "percent_statements_covered_display": "100", "num_branches": 14, "num_partial_branches": 3, "covered_branches": 11, "missing_branches": 3, "percent_branches_covered": 78.57142857142857, "percent_branches_covered_display": "79"}, "missing_lines": [], "excluded_lines": [], "start_line": 98, "executed_branches": [[105, 106], [105, 120], [106, 107], [106, 117], [107, 106], [107, 108], [109, 111], [117, 118], [121, 122], [121, 132], [128, 129]], "missing_branches": [[109, 106], [117, -98], [128, -98]]}, "MyceliumNetwork.deliver_all": {"executed_lines": [136, 137, 138], "summary": {"covered_lines": 3, "num_statements": 3, "percent_covered": 100.0, "percent_covered_display": "100", "missing_lines": 0, "excluded_lines": 0, "percent_statements_covered": 100.0, "percent_statements_covered_display": "100", "num_branches": 2, "num_partial_branches": 0, "covered_branches": 2, "missing_branches": 0, "percent_branches_covered": 100.0, "percent_branches_covered_display": "100"}, "missing_lines": [], "excluded_lines": [], "start_line": 134, "executed_branches": [[136, -134], [136, 137]], "missing_branches": []}, "MyceliumNetwork.broadcast": {"executed_lines": [142, 148, 149], "summary": {"covered_lines": 3, "num_statements": 3, "percent_covered": 100.0, "percent_covered_display": "100", "missing_lines": 0, "excluded_lines": 0, "percent_statements_covered": 100.0, "percent_statements_covered_display": "100", "num_branches": 0, "num_partial_branches": 0, "covered_branches": 0, "missing_branches": 0, "percent_branches_covered": 100.0, "percent_branches_covered_display": "100"}, "missing_lines": [], "excluded_lines": [], "start_line": 140, "executed_branches": [], "missing_branches": []}, "MyceliumNetwork.verify_physical_fingerprint": {"executed_lines": [165, 166, 169, 170, 171], "summary": {"covered_lines": 5, "num_statements": 6, "percent_covered": 80.0, "percent_covered_display": "80", "missing_lines": 1, "excluded_lines": 0, "percent_statements_covered": 83.33333333333333, "percent_statements_covered_display": "83", "num_branches": 4, "num_partial_branches": 1, "covered_branches": 3, "missing_branches": 1, "percent_branches_covered": 75.0, "percent_branches_covered_display": "75"}, "missing_lines": [167], "excluded_lines": [], "start_line": 154, "executed_branches": [[166, 169], [169, 170], [169, 171]], "missing_branches": [[166, 167]]}, "MyceliumNetwork.compute_resonance": {"executed_lines": [185, 186, 187, 191, 192, 193, 194, 197, 198, 199, 200, 203, 207], "summary": {"covered_lines": 13, "num_statements": 14, "percent_covered": 88.88888888888889, "percent_covered_display": "89", "missing_lines": 1, "excluded_lines": 0, "percent_statements_covered": 92.85714285714286, "percent_statements_covered_display": "93", "num_branches": 4, "num_partial_branches": 1, "covered_branches": 3, "missing_branches": 1, "percent_branches_covered": 75.0, "percent_branches_covered_display": "75"}, "missing_lines": [188], "excluded_lines": [], "start_line": 176, "executed_branches": [[187, 191], [193, 194], [193, 197]], "missing_branches": [[187, 188]]}, "MyceliumNetwork.record_resonance": {"executed_lines": [211], "summary": {"covered_lines": 1, "num_statements": 1, "percent_covered": 100.0, "percent_covered_display": "100", "missing_lines": 0, "excluded_lines": 0, "percent_statements_covered": 100.0, "percent_statements_covered_display": "100", "num_branches": 0, "num_partial_branches": 0, "covered_branches": 0, "missing_branches": 0, "percent_branches_covered": 100.0, "percent_branches_covered_display": "100"}, "missing_lines": [], "excluded_lines": [], "start_line": 209, "executed_branches": [], "missing_branches": []}, "MyceliumNetwork.get_resonance_network": {"executed_lines": [222, 223, 224, 225, 226, 227, 228, 235], "summary": {"covered_lines": 8, "num_statements": 8, "percent_covered": 100.0, "percent_covered_display": "100", "missing_lines": 0, "excluded_lines": 0, "percent_statements_covered": 100.0, "percent_statements_covered_display": "100", "num_branches": 6, "num_partial_branches": 0, "covered_branches": 6, "missing_branches": 0, "percent_branches_covered": 100.0, "percent_branches_covered_display": "100"}, "missing_lines": [], "excluded_lines": [], "start_line": 220, "executed_branches": [[224, 225], [224, 235], [225, 224], [225, 226], [227, 225], [227, 228]], "missing_branches": []}, "MyceliumNetwork.get_status": {"executed_lines": [242, 243, 244, 245], "summary": {"covered_lines": 4, "num_statements": 4, "percent_covered": 100.0, "percent_covered_display": "100", "missing_lines": 0, "excluded_lines": 0, "percent_statements_covered": 100.0, "percent_statements_covered_display": "100", "num_branches": 0, "num_partial_branches": 0, "covered_branches": 0, "missing_branches": 0, "percent_branches_covered": 100.0, "percent_branches_covered_display": "100"}, "missing_lines": [], "excluded_lines": [], "start_line": 240, "executed_branches": [], "missing_branches": []}, "MyceliumNetwork.step_all": {"executed_lines": [264, 265, 267, 268, 269, 271, 272, 273, 275, 276, 277, 279, 281, 283], "summary": {"covered_lines": 14, "num_statements": 16, "percent_covered": 85.71428571428571, "percent_covered_display": "86", "missing_lines": 2, "excluded_lines": 0, "percent_statements_covered": 87.5, "percent_statements_covered_display": "88", "num_branches": 12, "num_partial_branches": 2, "covered_branches": 10, "missing_branches": 2, "percent_branches_covered": 83.33333333333333, "percent_branches_covered_display": "83"}, "missing_lines": [266, 270], "excluded_lines": [], "start_line": 257, "executed_branches": [[264, 265], [264, 281], [265, 267], [268, 269], [268, 275], [269, 271], [272, 268], [272, 273], [275, 276], [275, 279]], "missing_branches": [[265, 266], [269, 270]]}, "MyceliumNetwork._apply_resonance": {"executed_lines": [288, 289, 290, 291, 292, 293, 294, 295, 296, 297, 299, 300, 301, 302, 305, 307, 309, 310, 311], "summary": {"covered_lines": 19, "num_statements": 20, "percent_covered": 90.0, "percent_covered_display": "90", "missing_lines": 1, "excluded_lines": 0, "percent_statements_covered": 95.0, "percent_statements_covered_display": "95", "num_branches": 10, "num_partial_branches": 2, "covered_branches": 8, "missing_branches": 2, "percent_branches_covered": 80.0, "percent_branches_covered_display": "80"}, "missing_lines": [303], "excluded_lines": [], "start_line": 285, "executed_branches": [[289, -285], [289, 290], [290, 289], [290, 291], [296, 297], [296, 299], [302, 305], [309, 310]], "missing_branches": [[302, 303], [309, 290]]}, "": {"executed_lines": [7, 9, 10, 11, 12, 14, 16, 17, 27, 28, 31, 32, 33, 34, 35, 36, 39, 50, 61, 81, 87, 91, 98, 134, 140, 154, 176, 209, 220, 240, 257, 285], "summary": {"covered_lines": 32, "num_statements": 32, "percent_covered": 100.0, "percent_covered_display": "100", "missing_lines": 0, "excluded_lines": 2, "percent_statements_covered": 100.0, "percent_statements_covered_display": "100", "num_branches": 0, "num_partial_branches": 0, "covered_branches": 0, "missing_branches": 0, "percent_branches_covered": 100.0, "percent_branches_covered_display": "100"}, "missing_lines": [], "excluded_lines": [23, 24], "start_line": 1, "executed_branches": [], "missing_branches": []}}, "classes": {"NodeInfo": {"executed_lines": [], "summary": {"covered_lines": 0, "num_statements": 0, "percent_covered": 100.0, "percent_covered_display": "100", "missing_lines": 0, "excluded_lines": 0, "percent_statements_covered": 100.0, "percent_statements_covered_display": "100", "num_branches": 0, "num_partial_branches": 0, "covered_branches": 0, "missing_branches": 0, "percent_branches_covered": 100.0, "percent_branches_covered_display": "100"}, "missing_lines": [], "excluded_lines": [], "start_line": 28, "executed_branches": [], "missing_branches": []}, "MyceliumNetwork": {"executed_lines": [51, 52, 53, 54, 55, 56, 66, 67, 68, 69, 75, 77, 78, 79, 89, 93, 103, 104, 105, 106, 107, 108, 109, 111, 112, 115, 117, 118, 120, 121, 122, 123, 126, 128, 129, 132, 136, 137, 138, 142, 148, 149, 165, 166, 169, 170, 171, 185, 186, 187, 191, 192, 193, 194, 197, 198, 199, 200, 203, 207, 211, 222, 223, 224, 225, 226, 227, 228, 235, 242, 243, 244, 245, 264, 265, 267, 268, 269, 271, 272, 273, 275, 276, 277, 279, 281, 283, 288, 289, 290, 291, 292, 293, 294, 295, 296, 297, 299, 300, 301, 302, 305, 307, 309, 310, 311], "summary": {"covered_lines": 106, "num_statements": 113, "percent_covered": 88.30409356725146, "percent_covered_display": "88", "missing_lines": 7, "excluded_lines": 0, "percent_statements_covered": 93.80530973451327, "percent_statements_covered_display": "94", "num_branches": 58, "num_partial_branches": 11, "covered_branches": 45, "missing_branches": 13, "percent_branches_covered": 77.58620689655173, "percent_branches_covered_display": "78"}, "missing_lines": [83, 84, 167, 188, 266, 270, 303], "excluded_lines": [], "start_line": 39, "executed_branches": [[67, 68], [77, 78], [105, 106], [105, 120], [106, 107], [106, 117], [107, 106], [107, 108], [109, 111], [117, 118], [121, 122], [121, 132], [128, 129], [136, -134], [136, 137], [166, 169], [169, 170], [169, 171], [187, 191], [193, 194], [193, 197], [224, 225], [224, 235], [225, 224], [225, 226], [227, 225], [227, 228], [264, 265], [264, 281], [265, 267], [268, 269], [268, 275], [269, 271], [272, 268], [272, 273], [275, 276], [275, 279], [289, -285], [289, 290], [290, 289], [290, 291], [296, 297], [296, 299], [302, 305], [309, 310]], "missing_branches": [[67, 69], [77, 79], [83, -81], [83, 84], [109, 106], [117, -98], [128, -98], [166, 167], [187, 188], [265, 266], [269, 270], [302, 303], [309, 290]]}, "": {"executed_lines": [7, 9, 10, 11, 12, 14, 16, 17, 27, 28, 31, 32, 33, 34, 35, 36, 39, 50, 61, 81, 87, 91, 98, 134, 140, 154, 176, 209, 220, 240, 257, 285], "summary": {"covered_lines": 32, "num_statements": 32, "percent_covered": 100.0, "percent_covered_display": "100", "missing_lines": 0, "excluded_lines": 2, "percent_statements_covered": 100.0, "percent_statements_covered_display": "100", "num_branches": 0, "num_partial_branches": 0, "covered_branches": 0, "missing_branches": 0, "percent_branches_covered": 100.0, "percent_branches_covered_display": "100"}, "missing_lines": [], "excluded_lines": [23, 24], "start_line": 1, "executed_branches": [], "missing_branches": []}}}, "cosmic_mycelium/cluster/node_discovery.py": {"executed_lines": [9, 11, 12, 13, 14, 15, 16, 22, 23, 26, 27, 28, 29, 30, 33, 45, 46, 47, 49, 65, 73, 83, 95, 133, 160, 169, 173, 178], "summary": {"covered_lines": 28, "num_statements": 82, "percent_covered": 28.571428571428573, "percent_covered_display": "29", "missing_lines": 54, "excluded_lines": 2, "percent_statements_covered": 34.146341463414636, "percent_statements_covered_display": "34", "num_branches": 16, "num_partial_branches": 0, "covered_branches": 0, "missing_branches": 16, "percent_branches_covered": 0.0, "percent_branches_covered_display": "0"}, "missing_lines": [54, 55, 58, 61, 62, 67, 68, 69, 70, 71, 75, 76, 77, 78, 79, 80, 85, 86, 87, 88, 89, 90, 91, 92, 93, 104, 105, 117, 118, 119, 123, 124, 128, 130, 140, 141, 142, 144, 145, 151, 152, 155, 156, 157, 162, 163, 171, 175, 185, 186, 191, 192, 193, 194], "excluded_lines": [18, 19], "executed_branches": [], "missing_branches": [[67, 68], [67, 69], [76, 77], [76, 80], [85, -83], [85, 86], [117, 118], [117, 128], [128, -95], [128, 130], [141, 142], [141, 144], [155, -133], [155, 156], [191, 192], [191, 194]], "functions": {"NodeDiscovery.__init__": {"executed_lines": [], "summary": {"covered_lines": 0, "num_statements": 5, "percent_covered": 0.0, "percent_covered_display": "0", "missing_lines": 5, "excluded_lines": 0, "percent_statements_covered": 0.0, "percent_statements_covered_display": "0", "num_branches": 0, "num_partial_branches": 0, "covered_branches": 0, "missing_branches": 0, "percent_branches_covered": 100.0, "percent_branches_covered_display": "100"}, "missing_lines": [54, 55, 58, 61, 62], "excluded_lines": [], "start_line": 49, "executed_branches": [], "missing_branches": []}, "NodeDiscovery.start": {"executed_lines": [], "summary": {"covered_lines": 0, "num_statements": 5, "percent_covered": 0.0, "percent_covered_display": "0", "missing_lines": 5, "excluded_lines": 0, "percent_statements_covered": 0.0, "percent_statements_covered_display": "0", "num_branches": 2, "num_partial_branches": 0, "covered_branches": 0, "missing_branches": 2, "percent_branches_covered": 0.0, "percent_branches_covered_display": "0"}, "missing_lines": [67, 68, 69, 70, 71], "excluded_lines": [], "start_line": 65, "executed_branches": [], "missing_branches": [[67, 68], [67, 69]]}, "NodeDiscovery.stop": {"executed_lines": [], "summary": {"covered_lines": 0, "num_statements": 6, "percent_covered": 0.0, "percent_covered_display": "0", "missing_lines": 6, "excluded_lines": 0, "percent_statements_covered": 0.0, "percent_statements_covered_display": "0", "num_branches": 2, "num_partial_branches": 0, "covered_branches": 0, "missing_branches": 2, "percent_branches_covered": 0.0, "percent_branches_covered_display": "0"}, "missing_lines": [75, 76, 77, 78, 79, 80], "excluded_lines": [], "start_line": 73, "executed_branches": [], "missing_branches": [[76, 77], [76, 80]]}, "NodeDiscovery._broadcast_loop": {"executed_lines": [], "summary": {"covered_lines": 0, "num_statements": 9, "percent_covered": 0.0, "percent_covered_display": "0", "missing_lines": 9, "excluded_lines": 0, "percent_statements_covered": 0.0, "percent_statements_covered_display": "0", "num_branches": 2, "num_partial_branches": 0, "covered_branches": 0, "missing_branches": 2, "percent_branches_covered": 0.0, "percent_branches_covered_display": "0"}, "missing_lines": [85, 86, 87, 88, 89, 90, 91, 92, 93], "excluded_lines": [], "start_line": 83, "executed_branches": [], "missing_branches": [[85, -83], [85, 86]]}, "NodeDiscovery._broadcast_announcement": {"executed_lines": [], "summary": {"covered_lines": 0, "num_statements": 9, "percent_covered": 0.0, "percent_covered_display": "0", "missing_lines": 9, "excluded_lines": 0, "percent_statements_covered": 0.0, "percent_statements_covered_display": "0", "num_branches": 4, "num_partial_branches": 0, "covered_branches": 0, "missing_branches": 4, "percent_branches_covered": 0.0, "percent_branches_covered_display": "0"}, "missing_lines": [104, 105, 117, 118, 119, 123, 124, 128, 130], "excluded_lines": [], "start_line": 95, "executed_branches": [], "missing_branches": [[117, 118], [117, 128], [128, -95], [128, 130]]}, "NodeDiscovery.process_announcement": {"executed_lines": [], "summary": {"covered_lines": 0, "num_statements": 10, "percent_covered": 0.0, "percent_covered_display": "0", "missing_lines": 10, "excluded_lines": 0, "percent_statements_covered": 0.0, "percent_statements_covered_display": "0", "num_branches": 4, "num_partial_branches": 0, "covered_branches": 0, "missing_branches": 4, "percent_branches_covered": 0.0, "percent_branches_covered_display": "0"}, "missing_lines": [140, 141, 142, 144, 145, 151, 152, 155, 156, 157], "excluded_lines": [], "start_line": 133, "executed_branches": [], "missing_branches": [[141, 142], [141, 144], [155, -133], [155, 156]]}, "NodeDiscovery.get_online_peers": {"executed_lines": [], "summary": {"covered_lines": 0, "num_statements": 2, "percent_covered": 0.0, "percent_covered_display": "0", "missing_lines": 2, "excluded_lines": 0, "percent_statements_covered": 0.0, "percent_statements_covered_display": "0", "num_branches": 0, "num_partial_branches": 0, "covered_branches": 0, "missing_branches": 0, "percent_branches_covered": 100.0, "percent_branches_covered_display": "100"}, "missing_lines": [162, 163], "excluded_lines": [], "start_line": 160, "executed_branches": [], "missing_branches": []}, "NodeDiscovery.get_peer_info": {"executed_lines": [], "summary": {"covered_lines": 0, "num_statements": 1, "percent_covered": 0.0, "percent_covered_display": "0", "missing_lines": 1, "excluded_lines": 0, "percent_statements_covered": 0.0, "percent_statements_covered_display": "0", "num_branches": 0, "num_partial_branches": 0, "covered_branches": 0, "missing_branches": 0, "percent_branches_covered": 100.0, "percent_branches_covered_display": "100"}, "missing_lines": [171], "excluded_lines": [], "start_line": 169, "executed_branches": [], "missing_branches": []}, "NodeDiscovery.get_all_peers": {"executed_lines": [], "summary": {"covered_lines": 0, "num_statements": 1, "percent_covered": 0.0, "percent_covered_display": "0", "missing_lines": 1, "excluded_lines": 0, "percent_statements_covered": 0.0, "percent_statements_covered_display": "0", "num_branches": 0, "num_partial_branches": 0, "covered_branches": 0, "missing_branches": 0, "percent_branches_covered": 100.0, "percent_branches_covered_display": "100"}, "missing_lines": [175], "excluded_lines": [], "start_line": 173, "executed_branches": [], "missing_branches": []}, "NodeDiscovery.evict_stale_peers": {"executed_lines": [], "summary": {"covered_lines": 0, "num_statements": 6, "percent_covered": 0.0, "percent_covered_display": "0", "missing_lines": 6, "excluded_lines": 0, "percent_statements_covered": 0.0, "percent_statements_covered_display": "0", "num_branches": 2, "num_partial_branches": 0, "covered_branches": 0, "missing_branches": 2, "percent_branches_covered": 0.0, "percent_branches_covered_display": "0"}, "missing_lines": [185, 186, 191, 192, 193, 194], "excluded_lines": [], "start_line": 178, "executed_branches": [], "missing_branches": [[191, 192], [191, 194]]}, "": {"executed_lines": [9, 11, 12, 13, 14, 15, 16, 22, 23, 26, 27, 28, 29, 30, 33, 45, 46, 47, 49, 65, 73, 83, 95, 133, 160, 169, 173, 178], "summary": {"covered_lines": 28, "num_statements": 28, "percent_covered": 100.0, "percent_covered_display": "100", "missing_lines": 0, "excluded_lines": 2, "percent_statements_covered": 100.0, "percent_statements_covered_display": "100", "num_branches": 0, "num_partial_branches": 0, "covered_branches": 0, "missing_branches": 0, "percent_branches_covered": 100.0, "percent_branches_covered_display": "100"}, "missing_lines": [], "excluded_lines": [18, 19], "start_line": 1, "executed_branches": [], "missing_branches": []}}, "classes": {"PeerInfo": {"executed_lines": [], "summary": {"covered_lines": 0, "num_statements": 0, "percent_covered": 100.0, "percent_covered_display": "100", "missing_lines": 0, "excluded_lines": 0, "percent_statements_covered": 100.0, "percent_statements_covered_display": "100", "num_branches": 0, "num_partial_branches": 0, "covered_branches": 0, "missing_branches": 0, "percent_branches_covered": 100.0, "percent_branches_covered_display": "100"}, "missing_lines": [], "excluded_lines": [], "start_line": 23, "executed_branches": [], "missing_branches": []}, "NodeDiscovery": {"executed_lines": [], "summary": {"covered_lines": 0, "num_statements": 54, "percent_covered": 0.0, "percent_covered_display": "0", "missing_lines": 54, "excluded_lines": 0, "percent_statements_covered": 0.0, "percent_statements_covered_display": "0", "num_branches": 16, "num_partial_branches": 0, "covered_branches": 0, "missing_branches": 16, "percent_branches_covered": 0.0, "percent_branches_covered_display": "0"}, "missing_lines": [54, 55, 58, 61, 62, 67, 68, 69, 70, 71, 75, 76, 77, 78, 79, 80, 85, 86, 87, 88, 89, 90, 91, 92, 93, 104, 105, 117, 118, 119, 123, 124, 128, 130, 140, 141, 142, 144, 145, 151, 152, 155, 156, 157, 162, 163, 171, 175, 185, 186, 191, 192, 193, 194], "excluded_lines": [], "start_line": 33, "executed_branches": [], "missing_branches": [[67, 68], [67, 69], [76, 77], [76, 80], [85, -83], [85, 86], [117, 118], [117, 128], [128, -95], [128, 130], [141, 142], [141, 144], [155, -133], [155, 156], [191, 192], [191, 194]]}, "": {"executed_lines": [9, 11, 12, 13, 14, 15, 16, 22, 23, 26, 27, 28, 29, 30, 33, 45, 46, 47, 49, 65, 73, 83, 95, 133, 160, 169, 173, 178], "summary": {"covered_lines": 28, "num_statements": 28, "percent_covered": 100.0, "percent_covered_display": "100", "missing_lines": 0, "excluded_lines": 2, "percent_statements_covered": 100.0, "percent_statements_covered_display": "100", "num_branches": 0, "num_partial_branches": 0, "covered_branches": 0, "missing_branches": 0, "percent_branches_covered": 100.0, "percent_branches_covered_display": "100"}, "missing_lines": [], "excluded_lines": [18, 19], "start_line": 1, "executed_branches": [], "missing_branches": []}}}, "cosmic_mycelium/cluster/node_manager.py": {"executed_lines": [6, 8, 9, 10, 11, 12, 13, 14, 16, 17, 23, 26, 27, 28, 29, 30, 33, 34, 37, 38, 39, 40, 41, 42, 45, 46, 49, 50, 51, 52, 53, 54, 55, 56, 59, 73, 74, 75, 76, 77, 79, 85, 86, 87, 90, 93, 94, 97, 98, 99, 100, 101, 104, 105, 110, 112, 113, 115, 117, 118, 119, 120, 121, 122, 124, 126, 127, 128, 129, 134, 151, 152, 154, 155, 156, 158, 160, 170, 171, 172, 174, 185, 186, 187, 189, 190, 192, 193, 196, 198, 200, 201, 202, 204, 213, 224, 225, 226, 228, 229, 234, 235, 240, 242, 244, 245, 246, 248, 258, 265, 266, 269, 272, 277, 278, 279, 280, 283, 284, 286, 300, 316, 318, 319, 321, 322, 325, 326, 327, 329, 330, 331, 332, 336, 337, 339, 340, 354, 355, 356, 357, 359, 368, 371, 373, 374, 378, 379, 380, 383, 384, 385, 386, 389, 398, 414, 426, 438, 439, 440, 449, 451, 453, 455, 457, 459, 460, 463, 476, 477, 479, 487, 488, 490, 492, 497, 502, 504, 515, 520, 521, 524, 525, 526, 527, 536, 538, 545, 547, 549, 554, 559, 562, 563, 564, 568, 569, 571, 579, 589, 590, 591, 592, 593, 594, 595, 597, 598, 599, 601], "summary": {"covered_lines": 210, "num_statements": 246, "percent_covered": 81.93548387096774, "percent_covered_display": "82", "missing_lines": 36, "excluded_lines": 2, "percent_statements_covered": 85.36585365853658, "percent_statements_covered_display": "85", "num_branches": 64, "num_partial_branches": 12, "covered_branches": 44, "missing_branches": 20, "percent_branches_covered": 68.75, "percent_branches_covered_display": "69"}, "missing_lines": [194, 195, 206, 207, 208, 305, 306, 307, 308, 309, 310, 311, 312, 313, 314, 346, 347, 351, 375, 403, 404, 405, 406, 407, 408, 409, 410, 411, 412, 421, 424, 461, 480, 481, 484, 485], "excluded_lines": [19, 20], "executed_branches": [[118, 119], [120, 121], [151, 152], [151, 154], [155, 156], [155, 158], [186, 187], [186, 189], [189, 190], [225, 226], [225, 228], [245, 246], [245, 248], [278, 279], [278, 283], [279, 280], [321, 322], [321, 354], [325, 326], [329, 330], [329, 339], [336, 337], [354, -316], [354, 355], [374, 378], [379, 380], [379, 389], [438, 439], [438, 440], [460, 463], [476, 477], [479, 487], [520, 521], [520, 524], [562, 563], [568, -554], [568, 569], [591, 592], [591, 597], [592, 593], [594, 591], [594, 595], [597, 598], [597, 601]], "missing_branches": [[118, 120], [120, 122], [189, 200], [207, -204], [207, 208], [279, 278], [306, -300], [306, 307], [325, 346], [336, 321], [347, 321], [347, 351], [374, 375], [404, -398], [404, 405], [460, 461], [476, 488], [479, 480], [562, -554], [592, 591]], "functions": {"NodeManager.__init__": {"executed_lines": [85, 86, 87, 90, 93, 94, 97, 98, 99, 100, 101, 104, 105], "summary": {"covered_lines": 13, "num_statements": 13, "percent_covered": 100.0, "percent_covered_display": "100", "missing_lines": 0, "excluded_lines": 0, "percent_statements_covered": 100.0, "percent_statements_covered_display": "100", "num_branches": 0, "num_partial_branches": 0, "covered_branches": 0, "missing_branches": 0, "percent_branches_covered": 100.0, "percent_branches_covered_display": "100"}, "missing_lines": [], "excluded_lines": [], "start_line": 79, "executed_branches": [], "missing_branches": []}, "NodeManager.start": {"executed_lines": [112, 113], "summary": {"covered_lines": 2, "num_statements": 2, "percent_covered": 100.0, "percent_covered_display": "100", "missing_lines": 0, "excluded_lines": 0, "percent_statements_covered": 100.0, "percent_statements_covered_display": "100", "num_branches": 0, "num_partial_branches": 0, "covered_branches": 0, "missing_branches": 0, "percent_branches_covered": 100.0, "percent_branches_covered_display": "100"}, "missing_lines": [], "excluded_lines": [], "start_line": 110, "executed_branches": [], "missing_branches": []}, "NodeManager.stop": {"executed_lines": [117, 118, 119, 120, 121, 122], "summary": {"covered_lines": 6, "num_statements": 6, "percent_covered": 80.0, "percent_covered_display": "80", "missing_lines": 0, "excluded_lines": 0, "percent_statements_covered": 100.0, "percent_statements_covered_display": "100", "num_branches": 4, "num_partial_branches": 2, "covered_branches": 2, "missing_branches": 2, "percent_branches_covered": 50.0, "percent_branches_covered_display": "50"}, "missing_lines": [], "excluded_lines": [], "start_line": 115, "executed_branches": [[118, 119], [120, 121]], "missing_branches": [[118, 120], [120, 122]]}, "NodeManager.start_async": {"executed_lines": [126, 127, 128, 129], "summary": {"covered_lines": 4, "num_statements": 4, "percent_covered": 100.0, "percent_covered_display": "100", "missing_lines": 0, "excluded_lines": 0, "percent_statements_covered": 100.0, "percent_statements_covered_display": "100", "num_branches": 0, "num_partial_branches": 0, "covered_branches": 0, "missing_branches": 0, "percent_branches_covered": 100.0, "percent_branches_covered_display": "100"}, "missing_lines": [], "excluded_lines": [], "start_line": 124, "executed_branches": [], "missing_br
[...]
246, 247, 248, 253, 256, 257, 258, 259, 264, 265, 268, 269, 270, 272, 273, 275, 276, 278, 279, 280, 281, 282, 283, 284, 285, 287, 288, 292, 293, 305, 306, 310, 311, 313, 314, 315, 316, 319, 321, 322, 326, 327, 329, 330], "summary": {"covered_lines": 126, "num_statements": 137, "percent_covered": 91.01796407185628, "percent_covered_display": "91", "missing_lines": 11, "excluded_lines": 5, "percent_statements_covered": 91.97080291970804, "percent_statements_covered_display": "92", "num_branches": 30, "num_partial_branches": 4, "covered_branches": 26, "missing_branches": 4, "percent_branches_covered": 86.66666666666667, "percent_branches_covered_display": "87"}, "missing_lines": [25, 26, 222, 226, 295, 296, 297, 298, 299, 300, 301], "excluded_lines": [29, 30, 31, 32, 33], "executed_branches": [[52, 53], [176, 177], [176, 180], [194, 195], [208, 209], [241, 242], [241, 245], [245, 246], [245, 247], [247, 248], [247, 256], [256, 257], [256, 264], [258, 259], [258, 264], [264, -238], [264, 265], [268, -238], [268, 269], [275, 276], [275, 278], [292, 293], [310, 311], [310, 313], [326, 327], [326, 329]], "missing_branches": [[52, 163], [194, 196], [208, 210], [292, 295]], "functions": {"MetricsServer.start": {"executed_lines": [176, 177, 178, 180, 181, 182, 183, 184, 186, 187, 188, 189, 190], "summary": {"covered_lines": 13, "num_statements": 13, "percent_covered": 100.0, "percent_covered_display": "100", "missing_lines": 0, "excluded_lines": 0, "percent_statements_covered": 100.0, "percent_statements_covered_display": "100", "num_branches": 2, "num_partial_branches": 0, "covered_branches": 2, "missing_branches": 0, "percent_branches_covered": 100.0, "percent_branches_covered_display": "100"}, "missing_lines": [], "excluded_lines": [], "start_line": 174, "executed_branches": [[176, 177], [176, 180]], "missing_branches": []}, "MetricsServer.stop": {"executed_lines": [194, 195, 196, 197], "summary": {"covered_lines": 4, "num_statements": 4, "percent_covered": 83.33333333333333, "percent_covered_display": "83", "missing_lines": 0, "excluded_lines": 0, "percent_statements_covered": 100.0, "percent_statements_covered_display": "100", "num_branches": 2, "num_partial_branches": 1, "covered_branches": 1, "missing_branches": 1, "percent_branches_covered": 50.0, "percent_branches_covered_display": "50"}, "missing_lines": [], "excluded_lines": [], "start_line": 192, "executed_branches": [[194, 195]], "missing_branches": [[194, 196]]}, "MetricsServer._handle_metrics": {"executed_lines": [201, 205, 206, 207, 208, 209, 210], "summary": {"covered_lines": 7, "num_statements": 7, "percent_covered": 88.88888888888889, "percent_covered_display": "89", "missing_lines": 0, "excluded_lines": 0, "percent_statements_covered": 100.0, "percent_statements_covered_display": "100", "num_branches": 2, "num_partial_branches": 1, "covered_branches": 1, "missing_branches": 1, "percent_branches_covered": 50.0, "percent_branches_covered_display": "50"}, "missing_lines": [], "excluded_lines": [], "start_line": 199, "executed_branches": [[208, 209]], "missing_branches": [[208, 210]]}, "MetricsServer._handle_health": {"executed_lines": [218], "summary": {"covered_lines": 1, "num_statements": 1, "percent_covered": 100.0, "percent_covered_display": "100", "missing_lines": 0, "excluded_lines": 0, "percent_statements_covered": 100.0, "percent_statements_covered_display": "100", "num_branches": 0, "num_partial_branches": 0, "covered_branches": 0, "missing_branches": 0, "percent_branches_covered": 100.0, "percent_branches_covered_display": "100"}, "missing_lines": [], "excluded_lines": [], "start_line": 216, "executed_branches": [], "missing_branches": []}, "MetricsServer._handle_health_ready": {"executed_lines": [], "summary": {"covered_lines": 0, "num_statements": 1, "percent_covered": 0.0, "percent_covered_display": "0", "missing_lines": 1, "excluded_lines": 0, "percent_statements_covered": 0.0, "percent_statements_covered_display": "0", "num_branches": 0, "num_partial_branches": 0, "covered_branches": 0, "missing_branches": 0, "percent_branches_covered": 100.0, "percent_branches_covered_display": "100"}, "missing_lines": [222], "excluded_lines": [], "start_line": 220, "executed_branches": [], "missing_branches": []}, "MetricsServer._handle_health_live": {"executed_lines": [], "summary": {"covered_lines": 0, "num_statements": 1, "percent_covered": 0.0, "percent_covered_display": "0", "missing_lines": 1, "excluded_lines": 0, "percent_statements_covered": 0.0, "percent_statements_covered_display": "0", "num_branches": 0, "num_partial_branches": 0, "covered_branches": 0, "missing_branches": 0, "percent_branches_covered": 100.0, "percent_branches_covered_display": "100"}, "missing_lines": [226], "excluded_lines": [], "start_line": 224, "executed_branches": [], "missing_branches": []}, "MetricsCollector.collect_infant_metrics": {"executed_lines": [241, 242, 245, 246, 247, 248, 253, 256, 257, 258, 259, 264, 265, 268, 269, 270], "summary": {"covered_lines": 16, "num_statements": 16, "percent_covered": 100.0, "percent_covered_display": "100", "missing_lines": 0, "excluded_lines": 0, "percent_statements_covered": 100.0, "percent_statements_covered_display": "100", "num_branches": 14, "num_partial_branches": 0, "covered_branches": 14, "missing_branches": 0, "percent_branches_covered": 100.0, "percent_branches_covered_display": "100"}, "missing_lines": [], "excluded_lines": [], "start_line": 239, "executed_branches": [[241, 242], [241, 245], [245, 246], [245, 247], [247, 248], [247, 256], [256, 257], [256, 264], [258, 259], [258, 264], [264, -238], [264, 265], [268, -238], [268, 269]], "missing_branches": []}, "MetricsCollector.collect_node_manager_metrics": {"executed_lines": [275, 276, 278, 279, 280, 281, 282, 283, 284, 285], "summary": {"covered_lines": 10, "num_statements": 10, "percent_covered": 100.0, "percent_covered_display": "100", "missing_lines": 0, "excluded_lines": 0, "percent_statements_covered": 100.0, "percent_statements_covered_display": "100", "num_branches": 2, "num_partial_branches": 0, "covered_branches": 2, "missing_branches": 0, "percent_branches_covered": 100.0, "percent_branches_covered_display": "100"}, "missing_lines": [], "excluded_lines": [], "start_line": 273, "executed_branches": [[275, 276], [275, 278]], "missing_branches": []}, "MetricsCollector.collect_flow_router_metrics": {"executed_lines": [292, 293], "summary": {"covered_lines": 2, "num_statements": 9, "percent_covered": 27.272727272727273, "percent_covered_display": "27", "missing_lines": 7, "excluded_lines": 0, "percent_statements_covered": 22.22222222222222, "percent_statements_covered_display": "22", "num_branches": 2, "num_partial_branches": 1, "covered_branches": 1, "missing_branches": 1, "percent_branches_covered": 50.0, "percent_branches_covered_display": "50"}, "missing_lines": [295, 296, 297, 298, 299, 300, 301], "excluded_lines": [], "start_line": 288, "executed_branches": [[292, 293]], "missing_branches": [[292, 295]]}, "MetricsCollector.collect_collective_intelligence_metrics": {"executed_lines": [310, 311, 313, 314, 315, 316, 319], "summary": {"covered_lines": 7, "num_statements": 7, "percent_covered": 100.0, "percent_covered_display": "100", "missing_lines": 0, "excluded_lines": 0, "percent_statements_covered": 100.0, "percent_statements_covered_display": "100", "num_branches": 2, "num_partial_branches": 0, "covered_branches": 2, "missing_branches": 0, "percent_branches_covered": 100.0, "percent_branches_covered_display": "100"}, "missing_lines": [], "excluded_lines": [], "start_line": 306, "executed_branches": [[310, 311], [310, 313]], "missing_branches": []}, "MetricsCollector.collect_network_metrics": {"executed_lines": [326, 327, 329, 330], "summary": {"covered_lines": 4, "num_statements": 4, "percent_covered": 100.0, "percent_covered_display": "100", "missing_lines": 0, "excluded_lines": 0, "percent_statements_covered": 100.0, "percent_statements_covered_display": "100", "num_branches": 2, "num_partial_branches": 0, "covered_branches": 2, "missing_branches": 0, "percent_branches_covered": 100.0, "percent_branches_covered_display": "100"}, "missing_lines": [], "excluded_lines": [], "start_line": 322, "executed_branches": [[326, 327], [326, 329]], "missing_branches": []}, "": {"executed_lines": [7, 9, 10, 12, 14, 15, 24, 36, 38, 44, 52, 53, 54, 57, 60, 67, 70, 75, 78, 81, 84, 92, 95, 100, 105, 112, 115, 118, 121, 124, 129, 132, 135, 138, 141, 146, 149, 152, 155, 158, 163, 164, 170, 171, 172, 174, 192, 199, 216, 220, 224, 232, 238, 239, 272, 273, 287, 288, 305, 306, 321, 322], "summary": {"covered_lines": 62, "num_statements": 64, "percent_covered": 95.45454545454545, "percent_covered_display": "95", "missing_lines": 2, "excluded_lines": 5, "percent_statements_covered": 96.875, "percent_statements_covered_display": "97", "num_branches": 2, "num_partial_branches": 1, "covered_branches": 1, "missing_branches": 1, "percent_branches_covered": 50.0, "percent_branches_covered_display": "50"}, "missing_lines": [25, 26], "excluded_lines": [29, 30, 31, 32, 33], "start_line": 1, "executed_branches": [[52, 53]], "missing_branches": [[52, 163]]}}, "classes": {"MetricsServer": {"executed_lines": [176, 177, 178, 180, 181, 182, 183, 184, 186, 187, 188, 189, 190, 194, 195, 196, 197, 201, 205, 206, 207, 208, 209, 210, 218], "summary": {"covered_lines": 25, "num_statements": 27, "percent_covered": 87.87878787878788, "percent_covered_display": "88", "missing_lines": 2, "excluded_lines": 0, "percent_statements_covered": 92.5925925925926, "percent_statements_covered_display": "93", "num_branches": 6, "num_partial_branches": 2, "covered_branches": 4, "missing_branches": 2, "percent_branches_covered": 66.66666666666667, "percent_branches_covered_display": "67"}, "missing_lines": [222, 226], "excluded_lines": [], "start_line": 164, "executed_branches": [[176, 177], [176, 180], [194, 195], [208, 209]], "missing_branches": [[194, 196], [208, 210]]}, "MetricsCollector": {"executed_lines": [241, 242, 245, 246, 247, 248, 253, 256, 257, 258, 259, 264, 265, 268, 269, 270, 275, 276, 278, 279, 280, 281, 282, 283, 284, 285, 292, 293, 310, 311, 313, 314, 315, 316, 319, 326, 327, 329, 330], "summary": {"covered_lines": 39, "num_statements": 46, "percent_covered": 88.23529411764706, "percent_covered_display": "88", "missing_lines": 7, "excluded_lines": 0, "percent_statements_covered": 84.78260869565217, "percent_statements_covered_display": "85", "num_branches": 22, "num_partial_branches": 1, "covered_branches": 21, "missing_branches": 1, "percent_branches_covered": 95.45454545454545, "percent_branches_covered_display": "95"}, "missing_lines": [295, 296, 297, 298, 299, 300, 301], "excluded_lines": [], "start_line": 232, "executed_branches": [[241, 242], [241, 245], [245, 246], [245, 247], [247, 248], [247, 256], [256, 257], [256, 264], [258, 259], [258, 264], [264, -238], [264, 265], [268, -238], [268, 269], [275, 276], [275, 278], [292, 293], [310, 311], [310, 313], [326, 327], [326, 329]], "missing_branches": [[292, 295]]}, "": {"executed_lines": [7, 9, 10, 12, 14, 15, 24, 36, 38, 44, 52, 53, 54, 57, 60, 67, 70, 75, 78, 81, 84, 92, 95, 100, 105, 112, 115, 118, 121, 124, 129, 132, 135, 138, 141, 146, 149, 152, 155, 158, 163, 164, 170, 171, 172, 174, 192, 199, 216, 220, 224, 232, 238, 239, 272, 273, 287, 288, 305, 306, 321, 322], "summary": {"covered_lines": 62, "num_statements": 64, "percent_covered": 95.45454545454545, "percent_covered_display": "95", "missing_lines": 2, "excluded_lines": 5, "percent_statements_covered": 96.875, "percent_statements_covered_display": "97", "num_branches": 2, "num_partial_branches": 1, "covered_branches": 1, "missing_branches": 1, "percent_branches_covered": 50.0, "percent_branches_covered_display": "50"}, "missing_lines": [25, 26], "excluded_lines": [29, 30, 31, 32, 33], "start_line": 1, "executed_branches": [[52, 53]], "missing_branches": [[52, 163]]}}}, "cosmic_mycelium/utils/tracing.py": {"executed_lines": [6, 8, 9, 10, 11, 12, 17, 18, 19, 20, 21, 26, 31, 32, 35, 36, 37, 38, 39, 42, 53, 54, 57, 58, 61, 62, 70, 71, 72, 74, 81, 85, 88, 89, 90, 91, 93, 97, 99, 100, 101, 102, 103, 105, 106, 108, 109, 113, 114, 115, 116, 117, 118, 119, 120, 122, 124, 126, 131, 133], "summary": {"covered_lines": 60, "num_statements": 66, "percent_covered": 87.17948717948718, "percent_covered_display": "87", "missing_lines": 6, "excluded_lines": 2, "percent_statements_covered": 90.9090909090909, "percent_statements_covered_display": "91", "num_branches": 12, "num_partial_branches": 4, "covered_branches": 8, "missing_branches": 4, "percent_branches_covered": 66.66666666666667, "percent_branches_covered_display": "67"}, "missing_lines": [27, 28, 55, 82, 86, 98], "excluded_lines": [14, 15], "executed_branches": [[54, 57], [81, 85], [85, 88], [97, 99], [100, -93], [100, 101], [101, 102], [101, 105]], "missing_branches": [[54, 55], [81, 82], [85, 86], [97, 98]], "functions": {"DistributedTracer.__init__": {"executed_lines": [54, 57, 58, 61, 62, 70, 71, 72], "summary": {"covered_lines": 8, "num_statements": 9, "percent_covered": 81.81818181818181, "percent_covered_display": "82", "missing_lines": 1, "excluded_lines": 0, "percent_statements_covered": 88.88888888888889, "percent_statements_covered_display": "89", "num_branches": 2, "num_partial_branches": 1, "covered_branches": 1, "missing_branches": 1, "percent_branches_covered": 50.0, "percent_branches_covered_display": "50"}, "missing_lines": [55], "excluded_lines": [], "start_line": 53, "executed_branches": [[54, 57]], "missing_branches": [[54, 55]]}, "DistributedTracer.start_span": {"executed_lines": [81, 85, 88, 89, 90, 91], "summary": {"covered_lines": 6, "num_statements": 8, "percent_covered": 66.66666666666667, "percent_covered_display": "67", "missing_lines": 2, "excluded_lines": 0, "percent_statements_covered": 75.0, "percent_statements_covered_display": "75", "num_branches": 4, "num_partial_branches": 2, "covered_branches": 2, "missing_branches": 2, "percent_branches_covered": 50.0, "percent_branches_covered_display": "50"}, "missing_lines": [82, 86], "excluded_lines": [], "start_line": 74, "executed_branches": [[81, 85], [85, 88]], "missing_branches": [[81, 82], [85, 86]]}, "DistributedTracer.end_span": {"executed_lines": [97, 99, 100, 101, 102, 103, 105, 106], "summary": {"covered_lines": 8, "num_statements": 9, "percent_covered": 86.66666666666667, "percent_covered_display": "87", "missing_lines": 1, "excluded_lines": 0, "percent_statements_covered": 88.88888888888889, "percent_statements_covered_display": "89", "num_branches": 6, "num_partial_branches": 1, "covered_branches": 5, "missing_branches": 1, "percent_branches_covered": 83.33333333333333, "percent_branches_covered_display": "83"}, "missing_lines": [98], "excluded_lines": [], "start_line": 93, "executed_branches": [[97, 99], [100, -93], [100, 101], [101, 102], [101, 105]], "missing_branches": [[97, 98]]}, "DistributedTracer.trace_operation": {"executed_lines": [113, 114, 115, 116, 117, 118, 119, 120, 122], "summary": {"covered_lines": 9, "num_statements": 9, "percent_covered": 100.0, "percent_covered_display": "100", "missing_lines": 0, "excluded_lines": 0, "percent_statements_covered": 100.0, "percent_statements_covered_display": "100", "num_branches": 0, "num_partial_branches": 0, "covered_branches": 0, "missing_branches": 0, "percent_branches_covered": 100.0, "percent_branches_covered_display": "100"}, "missing_lines": [], "excluded_lines": [], "start_line": 109, "executed_branches": [], "missing_branches": []}, "DistributedTracer.inject_context": {"executed_lines": [126], "summary": {"covered_lines": 1, "num_statements": 1, "percent_covered": 100.0, "percent_covered_display": "100", "missing_lines": 0, "excluded_lines": 0, "percent_statements_covered": 100.0, "percent_statements_covered_display": "100", "num_branches": 0, "num_partial_branches": 0, "covered_branches": 0, "missing_branches": 0, "percent_branches_covered": 100.0, "percent_branches_covered_display": "100"}, "missing_lines": [], "excluded_lines": [], "start_line": 124, "executed_branches": [], "missing_branches": []}, "DistributedTracer.extract_context": {"executed_lines": [133], "summary": {"covered_lines": 1, "num_statements": 1, "percent_covered": 100.0, "percent_covered_display": "100", "missing_lines": 0, "excluded_lines": 0, "percent_statements_covered": 100.0, "percent_statements_covered_display": "100", "num_branches": 0, "num_partial_branches": 0, "covered_branches": 0, "missing_branches": 0, "percent_branches_covered": 100.0, "percent_branches_covered_display": "100"}, "missing_lines": [], "excluded_lines": [], "start_line": 131, "executed_branches": [], "missing_branches": []}, "": {"executed_lines": [6, 8, 9, 10, 11, 12, 17, 18, 19, 20, 21, 26, 31, 32, 35, 36, 37, 38, 39, 42, 53, 74, 93, 108, 109, 124, 131], "summary": {"covered_lines": 27, "num_statements": 29, "percent_covered": 93.10344827586206, "percent_covered_display": "93", "missing_lines": 2, "excluded_lines": 2, "percent_statements_covered": 93.10344827586206, "percent_statements_covered_display": "93", "num_branches": 0, "num_partial_branches": 0, "covered_branches": 0, "missing_branches": 0, "percent_branches_covered": 100.0, "percent_branches_covered_display": "100"}, "missing_lines": [27, 28], "excluded_lines": [14, 15], "start_line": 1, "executed_branches": [], "missing_branches": []}}, "classes": {"TraceContext": {"executed_lines": [], "summary": {"covered_lines": 0, "num_statements": 0, "percent_covered": 100.0, "percent_covered_display": "100", "missing_lines": 0, "excluded_lines": 0, "percent_statements_covered": 100.0, "percent_statements_covered_display": "100", "num_branches": 0, "num_partial_branches": 0, "covered_branches": 0, "missing_branches": 0, "percent_branches_covered": 100.0, "percent_branches_covered_display": "100"}, "missing_lines": [], "excluded_lines": [], "start_line": 32, "executed_branches": [], "missing_branches": []}, "DistributedTracer": {"executed_lines": [54, 57, 58, 61, 62, 70, 71, 72, 81, 85, 88, 89, 90, 91, 97, 99, 100, 101, 102, 103, 105, 106, 113, 114, 115, 116, 117, 118, 119, 120, 122, 126, 133], "summary": {"covered_lines": 33, "num_statements": 37, "percent_covered": 83.6734693877551, "percent_covered_display": "84", "missing_lines": 4, "excluded_lines": 0, "percent_statements_covered": 89.1891891891892, "percent_statements_covered_display": "89", "num_branches": 12, "num_partial_branches": 4, "covered_branches": 8, "missing_branches": 4, "percent_branches_covered": 66.66666666666667, "percent_branches_covered_display": "67"}, "missing_lines": [55, 82, 86, 98], "excluded_lines": [], "start_line": 42, "executed_branches": [[54, 57], [81, 85], [85, 88], [97, 99], [100, -93], [100, 101], [101, 102], [101, 105]], "missing_branches": [[54, 55], [81, 82], [85, 86], [97, 98]]}, "": {"executed_lines": [6, 8, 9, 10, 11, 12, 17, 18, 19, 20, 21, 26, 31, 32, 35, 36, 37, 38, 39, 42, 53, 74, 93, 108, 109, 124, 131], "summary": {"covered_lines": 27, "num_statements": 29, "percent_covered": 93.10344827586206, "percent_covered_display": "93", "missing_lines": 2, "excluded_lines": 2, "percent_statements_covered": 93.10344827586206, "percent_statements_covered_display": "93", "num_branches": 0, "num_partial_branches": 0, "covered_branches": 0, "missing_branches": 0, "percent_branches_covered": 100.0, "percent_branches_covered_display": "100"}, "missing_lines": [27, 28], "excluded_lines": [14, 15], "start_line": 1, "executed_branches": [], "missing_branches": []}}}}, "totals": {"covered_lines": 3185, "num_statements": 3554, "percent_covered": 86.81999115435647, "percent_covered_display": "87", "missing_lines": 369, "excluded_lines": 34, "percent_statements_covered": 89.61733258300507, "percent_statements_covered_display": "90", "num_branches": 968, "num_partial_branches": 133, "covered_branches": 741, "missing_branches": 227, "percent_branches_covered": 76.5495867768595, "percent_branches_covered_display": "77"}}